2026-02-25 15:13:23,456 [INFO] __main__: 🚀 Логирование инициализировано
2026-02-25 15:13:23,459 [DEBUG] asyncio: Using proactor: IocpProactor
2026-02-25 15:13:23,462 [INFO] root: 🚀 Запуск Race Event Bot...
2026-02-25 15:13:24,103 [DEBUG] tzlocal: Looking up time zone info from registry
2026-02-25 15:13:24,104 [INFO] root: Reminders set up (cron: */5 * * * *)
2026-02-25 15:13:24,510 [INFO] __main__: ✅ Бот запущен и слушает обновления...
2026-02-25 15:13:24,512 [INFO] aiogram.dispatcher: Start polling
2026-02-25 15:13:24,565 [INFO] aiogram.dispatcher: Run polling for bot @raceevent_bot id=8432313674 - 'Race Event'
2026-02-25 15:13:29,849 [INFO] aiogram.event: Update id=444205475 is handled. Duration 643 ms by bot id=8432313674
2026-02-25 15:13:33,079 [INFO] aiogram.event: Update id=444205476 is handled. Duration 148 ms by bot id=8432313674
2026-02-25 15:13:35,344 [INFO] aiogram.event: Update id=444205477 is handled. Duration 234 ms by bot id=8432313674
2026-02-25 15:13:37,461 [INFO] aiogram.event: Update id=444205478 is handled. Duration 180 ms by bot id=8432313674
2026-02-25 15:13:56,836 [INFO] aiogram.event: Update id=444205479 is handled. Duration 601 ms by bot id=8432313674
2026-02-25 15:14:00,686 [INFO] aiogram.event: Update id=444205480 is handled. Duration 146 ms by bot id=8432313674
2026-02-25 15:14:04,130 [INFO] aiogram.event: Update id=444205481 is handled. Duration 272 ms by bot id=8432313674
2026-02-25 16:28:08,805 [INFO] aiogram.event: Update id=444205482 is handled. Duration 218 ms by bot id=8432313674
2026-02-25 16:28:28,291 [INFO] aiogram.event: Update id=444205483 is handled. Duration 267 ms by bot id=8432313674
2026-02-25 16:28:42,006 [INFO] aiogram.event: Update id=444205484 is handled. Duration 302 ms by bot id=8432313674
2026-02-25 16:28:47,082 [INFO] aiogram.event: Update id=444205485 is handled. Duration 521 ms by bot id=8432313674
2026-02-25 16:28:51,834 [INFO] aiogram.event: Update id=444205486 is handled. Duration 176 ms by bot id=8432313674
2026-02-25 16:28:58,745 [INFO] aiogram.event: Update id=444205487 is handled. Duration 206 ms by bot id=8432313674
2026-02-25 16:29:14,284 [INFO] aiogram.event: Update id=444205488 is not handled. Duration 12557 ms by bot id=8432313674
2026-02-25 16:29:14,287 [ERROR] aiogram.event: Cause exception while process update id=444205488 by bot id=8432313674
TelegramBadRequest: Telegram server says - Bad Request: text must be non-empty
Traceback (most recent call last):
  File "C:\Users\Administrator\AppData\Local\Programs\Python\Python313\Lib\site-packages\aiogram\dispatcher\dispatcher.py", line 309, in _process_update
    response = await self.feed_update(bot, update, **kwargs)
               ^^^^^^^^^^^^^^^^^^^^^^^^^^^^^^^^^^^^^^^^^^^^^
  File "C:\Users\Administrator\AppData\Local\Programs\Python\Python313\Lib\site-packages\aiogram\dispatcher\dispatcher.py", line 158, in feed_update
    response = await self.update.wrap_outer_middleware(
               ^^^^^^^^^^^^^^^^^^^^^^^^^^^^^^^^^^^^^^^^
    ...<7 lines>...
    )
    ^
  File "C:\Users\Administrator\AppData\Local\Programs\Python\Python313\Lib\site-packages\aiogram\dispatcher\middlewares\error.py", line 25, in __call__
    return await handler(event, data)
           ^^^^^^^^^^^^^^^^^^^^^^^^^^
  File "C:\Users\Administrator\AppData\Local\Programs\Python\Python313\Lib\site-packages\aiogram\dispatcher\middlewares\user_context.py", line 56, in __call__
    return await handler(event, data)
           ^^^^^^^^^^^^^^^^^^^^^^^^^^
  File "C:\Users\Administrator\AppData\Local\Programs\Python\Python313\Lib\site-packages\aiogram\fsm\middleware.py", line 42, in __call__
    return await handler(event, data)
           ^^^^^^^^^^^^^^^^^^^^^^^^^^
  File "C:\Users\Administrator\AppData\Local\Programs\Python\Python313\Lib\site-packages\aiogram\dispatcher\event\telegram.py", line 121, in trigger
    return await wrapped_inner(event, kwargs)
           ^^^^^^^^^^^^^^^^^^^^^^^^^^^^^^^^^^
  File "C:\Users\Administrator\AppData\Local\Programs\Python\Python313\Lib\site-packages\aiogram\dispatcher\event\handler.py", line 43, in call
    return await wrapped()
           ^^^^^^^^^^^^^^^
  File "C:\Users\Administrator\AppData\Local\Programs\Python\Python313\Lib\site-packages\aiogram\dispatcher\dispatcher.py", line 276, in _listen_update
    return await self.propagate_event(update_type=update_type, event=event, **kwargs)
           ^^^^^^^^^^^^^^^^^^^^^^^^^^^^^^^^^^^^^^^^^^^^^^^^^^^^^^^^^^^^^^^^^^^^^^^^^^
  File "C:\Users\Administrator\AppData\Local\Programs\Python\Python313\Lib\site-packages\aiogram\dispatcher\router.py", line 146, in propagate_event
    return await observer.wrap_outer_middleware(_wrapped, event=event, data=kwargs)
           ^^^^^^^^^^^^^^^^^^^^^^^^^^^^^^^^^^^^^^^^^^^^^^^^^^^^^^^^^^^^^^^^^^^^^^^^
  File "C:\Users\Administrator\AppData\Local\Programs\Python\Python313\Lib\site-packages\aiogram\dispatcher\router.py", line 141, in _wrapped
    return await self._propagate_event(
           ^^^^^^^^^^^^^^^^^^^^^^^^^^^^
        observer=observer, update_type=update_type, event=telegram_event, **data
        ^^^^^^^^^^^^^^^^^^^^^^^^^^^^^^^^^^^^^^^^^^^^^^^^^^^^^^^^^^^^^^^^^^^^^^^^
    )
    ^
  File "C:\Users\Administrator\AppData\Local\Programs\Python\Python313\Lib\site-packages\aiogram\dispatcher\router.py", line 174, in _propagate_event
    response = await router.propagate_event(update_type=update_type, event=event, **kwargs)
               ^^^^^^^^^^^^^^^^^^^^^^^^^^^^^^^^^^^^^^^^^^^^^^^^^^^^^^^^^^^^^^^^^^^^^^^^^^^^
  File "C:\Users\Administrator\AppData\Local\Programs\Python\Python313\Lib\site-packages\aiogram\dispatcher\router.py", line 146, in propagate_event
    return await observer.wrap_outer_middleware(_wrapped, event=event, data=kwargs)
           ^^^^^^^^^^^^^^^^^^^^^^^^^^^^^^^^^^^^^^^^^^^^^^^^^^^^^^^^^^^^^^^^^^^^^^^^
  File "C:\Users\Administrator\AppData\Local\Programs\Python\Python313\Lib\site-packages\aiogram\dispatcher\router.py", line 141, in _wrapped
    return await self._propagate_event(
           ^^^^^^^^^^^^^^^^^^^^^^^^^^^^
        observer=observer, update_type=update_type, event=telegram_event, **data
        ^^^^^^^^^^^^^^^^^^^^^^^^^^^^^^^^^^^^^^^^^^^^^^^^^^^^^^^^^^^^^^^^^^^^^^^^
    )
    ^
  File "C:\Users\Administrator\AppData\Local\Programs\Python\Python313\Lib\site-packages\aiogram\dispatcher\router.py", line 166, in _propagate_event
    response = await observer.trigger(event, **kwargs)
               ^^^^^^^^^^^^^^^^^^^^^^^^^^^^^^^^^^^^^^^
  File "C:\Users\Administrator\AppData\Local\Programs\Python\Python313\Lib\site-packages\aiogram\dispatcher\event\telegram.py", line 121, in trigger
    return await wrapped_inner(event, kwargs)
           ^^^^^^^^^^^^^^^^^^^^^^^^^^^^^^^^^^
  File "C:\Users\Administrator\AppData\Local\Programs\Python\Python313\Lib\site-packages\aiogram\dispatcher\event\handler.py", line 43, in call
    return await wrapped()
           ^^^^^^^^^^^^^^^
  File "C:\BOT\race_event_bot_v0.13\handlers\start.py", line 812, in add_to_calendar
    await callback.message.answer("\u200B", reply_markup=kb_back.as_markup())
  File "C:\Users\Administrator\AppData\Local\Programs\Python\Python313\Lib\site-packages\aiogram\methods\base.py", line 84, in emit
    return await bot(self)
           ^^^^^^^^^^^^^^^
  File "C:\Users\Administrator\AppData\Local\Programs\Python\Python313\Lib\site-packages\aiogram\client\bot.py", line 482, in __call__
    return await self.session(self, method, timeout=request_timeout)
           ^^^^^^^^^^^^^^^^^^^^^^^^^^^^^^^^^^^^^^^^^^^^^^^^^^^^^^^^^
  File "C:\Users\Administrator\AppData\Local\Programs\Python\Python313\Lib\site-packages\aiogram\client\session\base.py", line 254, in __call__
    return cast(TelegramType, await middleware(bot, method))
                              ^^^^^^^^^^^^^^^^^^^^^^^^^^^^^
  File "C:\Users\Administrator\AppData\Local\Programs\Python\Python313\Lib\site-packages\aiogram\client\session\aiohttp.py", line 185, in make_request
    response = self.check_response(
        bot=bot, method=method, status_code=resp.status, content=raw_result
    )
  File "C:\Users\Administrator\AppData\Local\Programs\Python\Python313\Lib\site-packages\aiogram\client\session\base.py", line 120, in check_response
    raise TelegramBadRequest(method=method, message=description)
aiogram.exceptions.TelegramBadRequest: Telegram server says - Bad Request: text must be non-empty
2026-02-25 16:29:15,204 [INFO] aiogram.event: Update id=444205489 is not handled. Duration 1161 ms by bot id=8432313674
2026-02-25 16:29:15,214 [ERROR] aiogram.event: Cause exception while process update id=444205489 by bot id=8432313674
TelegramBadRequest: Telegram server says - Bad Request: text must be non-empty
Traceback (most recent call last):
  File "C:\Users\Administrator\AppData\Local\Programs\Python\Python313\Lib\site-packages\aiogram\dispatcher\dispatcher.py", line 309, in _process_update
    response = await self.feed_update(bot, update, **kwargs)
               ^^^^^^^^^^^^^^^^^^^^^^^^^^^^^^^^^^^^^^^^^^^^^
  File "C:\Users\Administrator\AppData\Local\Programs\Python\Python313\Lib\site-packages\aiogram\dispatcher\dispatcher.py", line 158, in feed_update
    response = await self.update.wrap_outer_middleware(
               ^^^^^^^^^^^^^^^^^^^^^^^^^^^^^^^^^^^^^^^^
    ...<7 lines>...
    )
    ^
  File "C:\Users\Administrator\AppData\Local\Programs\Python\Python313\Lib\site-packages\aiogram\dispatcher\middlewares\error.py", line 25, in __call__
    return await handler(event, data)
           ^^^^^^^^^^^^^^^^^^^^^^^^^^
  File "C:\Users\Administrator\AppData\Local\Programs\Python\Python313\Lib\site-packages\aiogram\dispatcher\middlewares\user_context.py", line 56, in __call__
    return await handler(event, data)
           ^^^^^^^^^^^^^^^^^^^^^^^^^^
  File "C:\Users\Administrator\AppData\Local\Programs\Python\Python313\Lib\site-packages\aiogram\fsm\middleware.py", line 42, in __call__
    return await handler(event, data)
           ^^^^^^^^^^^^^^^^^^^^^^^^^^
  File "C:\Users\Administrator\AppData\Local\Programs\Python\Python313\Lib\site-packages\aiogram\dispatcher\event\telegram.py", line 121, in trigger
    return await wrapped_inner(event, kwargs)
           ^^^^^^^^^^^^^^^^^^^^^^^^^^^^^^^^^^
  File "C:\Users\Administrator\AppData\Local\Programs\Python\Python313\Lib\site-packages\aiogram\dispatcher\event\handler.py", line 43, in call
    return await wrapped()
           ^^^^^^^^^^^^^^^
  File "C:\Users\Administrator\AppData\Local\Programs\Python\Python313\Lib\site-packages\aiogram\dispatcher\dispatcher.py", line 276, in _listen_update
    return await self.propagate_event(update_type=update_type, event=event, **kwargs)
           ^^^^^^^^^^^^^^^^^^^^^^^^^^^^^^^^^^^^^^^^^^^^^^^^^^^^^^^^^^^^^^^^^^^^^^^^^^
  File "C:\Users\Administrator\AppData\Local\Programs\Python\Python313\Lib\site-packages\aiogram\dispatcher\router.py", line 146, in propagate_event
    return await observer.wrap_outer_middleware(_wrapped, event=event, data=kwargs)
           ^^^^^^^^^^^^^^^^^^^^^^^^^^^^^^^^^^^^^^^^^^^^^^^^^^^^^^^^^^^^^^^^^^^^^^^^
  File "C:\Users\Administrator\AppData\Local\Programs\Python\Python313\Lib\site-packages\aiogram\dispatcher\router.py", line 141, in _wrapped
    return await self._propagate_event(
           ^^^^^^^^^^^^^^^^^^^^^^^^^^^^
        observer=observer, update_type=update_type, event=telegram_event, **data
        ^^^^^^^^^^^^^^^^^^^^^^^^^^^^^^^^^^^^^^^^^^^^^^^^^^^^^^^^^^^^^^^^^^^^^^^^
    )
    ^
  File "C:\Users\Administrator\AppData\Local\Programs\Python\Python313\Lib\site-packages\aiogram\dispatcher\router.py", line 174, in _propagate_event
    response = await router.propagate_event(update_type=update_type, event=event, **kwargs)
               ^^^^^^^^^^^^^^^^^^^^^^^^^^^^^^^^^^^^^^^^^^^^^^^^^^^^^^^^^^^^^^^^^^^^^^^^^^^^
  File "C:\Users\Administrator\AppData\Local\Programs\Python\Python313\Lib\site-packages\aiogram\dispatcher\router.py", line 146, in propagate_event
    return await observer.wrap_outer_middleware(_wrapped, event=event, data=kwargs)
           ^^^^^^^^^^^^^^^^^^^^^^^^^^^^^^^^^^^^^^^^^^^^^^^^^^^^^^^^^^^^^^^^^^^^^^^^
  File "C:\Users\Administrator\AppData\Local\Programs\Python\Python313\Lib\site-packages\aiogram\dispatcher\router.py", line 141, in _wrapped
    return await self._propagate_event(
           ^^^^^^^^^^^^^^^^^^^^^^^^^^^^
        observer=observer, update_type=update_type, event=telegram_event, **data
        ^^^^^^^^^^^^^^^^^^^^^^^^^^^^^^^^^^^^^^^^^^^^^^^^^^^^^^^^^^^^^^^^^^^^^^^^
    )
    ^
  File "C:\Users\Administrator\AppData\Local\Programs\Python\Python313\Lib\site-packages\aiogram\dispatcher\router.py", line 166, in _propagate_event
    response = await observer.trigger(event, **kwargs)
               ^^^^^^^^^^^^^^^^^^^^^^^^^^^^^^^^^^^^^^^
  File "C:\Users\Administrator\AppData\Local\Programs\Python\Python313\Lib\site-packages\aiogram\dispatcher\event\telegram.py", line 121, in trigger
    return await wrapped_inner(event, kwargs)
           ^^^^^^^^^^^^^^^^^^^^^^^^^^^^^^^^^^
  File "C:\Users\Administrator\AppData\Local\Programs\Python\Python313\Lib\site-packages\aiogram\dispatcher\event\handler.py", line 43, in call
    return await wrapped()
           ^^^^^^^^^^^^^^^
  File "C:\BOT\race_event_bot_v0.13\handlers\start.py", line 812, in add_to_calendar
    await callback.message.answer("\u200B", reply_markup=kb_back.as_markup())
  File "C:\Users\Administrator\AppData\Local\Programs\Python\Python313\Lib\site-packages\aiogram\methods\base.py", line 84, in emit
    return await bot(self)
           ^^^^^^^^^^^^^^^
  File "C:\Users\Administrator\AppData\Local\Programs\Python\Python313\Lib\site-packages\aiogram\client\bot.py", line 482, in __call__
    return await self.session(self, method, timeout=request_timeout)
           ^^^^^^^^^^^^^^^^^^^^^^^^^^^^^^^^^^^^^^^^^^^^^^^^^^^^^^^^^
  File "C:\Users\Administrator\AppData\Local\Programs\Python\Python313\Lib\site-packages\aiogram\client\session\base.py", line 254, in __call__
    return cast(TelegramType, await middleware(bot, method))
                              ^^^^^^^^^^^^^^^^^^^^^^^^^^^^^
  File "C:\Users\Administrator\AppData\Local\Programs\Python\Python313\Lib\site-packages\aiogram\client\session\aiohttp.py", line 185, in make_request
    response = self.check_response(
        bot=bot, method=method, status_code=resp.status, content=raw_result
    )
  File "C:\Users\Administrator\AppData\Local\Programs\Python\Python313\Lib\site-packages\aiogram\client\session\base.py", line 120, in check_response
    raise TelegramBadRequest(method=method, message=description)
aiogram.exceptions.TelegramBadRequest: Telegram server says - Bad Request: text must be non-empty
2026-02-25 16:30:46,661 [INFO] aiogram.event: Update id=444205490 is handled. Duration 379 ms by bot id=8432313674
2026-02-25 16:30:49,994 [INFO] aiogram.event: Update id=444205491 is handled. Duration 162 ms by bot id=8432313674
2026-02-25 16:31:01,247 [INFO] aiogram.event: Update id=444205492 is handled. Duration 247 ms by bot id=8432313674
2026-02-25 16:31:03,304 [INFO] aiogram.event: Update id=444205493 is not handled. Duration 826 ms by bot id=8432313674
2026-02-25 16:31:03,306 [ERROR] aiogram.event: Cause exception while process update id=444205493 by bot id=8432313674
TelegramBadRequest: Telegram server says - Bad Request: text must be non-empty
Traceback (most recent call last):
  File "C:\Users\Administrator\AppData\Local\Programs\Python\Python313\Lib\site-packages\aiogram\dispatcher\dispatcher.py", line 309, in _process_update
    response = await self.feed_update(bot, update, **kwargs)
               ^^^^^^^^^^^^^^^^^^^^^^^^^^^^^^^^^^^^^^^^^^^^^
  File "C:\Users\Administrator\AppData\Local\Programs\Python\Python313\Lib\site-packages\aiogram\dispatcher\dispatcher.py", line 158, in feed_update
    response = await self.update.wrap_outer_middleware(
               ^^^^^^^^^^^^^^^^^^^^^^^^^^^^^^^^^^^^^^^^
    ...<7 lines>...
    )
    ^
  File "C:\Users\Administrator\AppData\Local\Programs\Python\Python313\Lib\site-packages\aiogram\dispatcher\middlewares\error.py", line 25, in __call__
    return await handler(event, data)
           ^^^^^^^^^^^^^^^^^^^^^^^^^^
  File "C:\Users\Administrator\AppData\Local\Programs\Python\Python313\Lib\site-packages\aiogram\dispatcher\middlewares\user_context.py", line 56, in __call__
    return await handler(event, data)
           ^^^^^^^^^^^^^^^^^^^^^^^^^^
  File "C:\Users\Administrator\AppData\Local\Programs\Python\Python313\Lib\site-packages\aiogram\fsm\middleware.py", line 42, in __call__
    return await handler(event, data)
           ^^^^^^^^^^^^^^^^^^^^^^^^^^
  File "C:\Users\Administrator\AppData\Local\Programs\Python\Python313\Lib\site-packages\aiogram\dispatcher\event\telegram.py", line 121, in trigger
    return await wrapped_inner(event, kwargs)
           ^^^^^^^^^^^^^^^^^^^^^^^^^^^^^^^^^^
  File "C:\Users\Administrator\AppData\Local\Programs\Python\Python313\Lib\site-packages\aiogram\dispatcher\event\handler.py", line 43, in call
    return await wrapped()
           ^^^^^^^^^^^^^^^
  File "C:\Users\Administrator\AppData\Local\Programs\Python\Python313\Lib\site-packages\aiogram\dispatcher\dispatcher.py", line 276, in _listen_update
    return await self.propagate_event(update_type=update_type, event=event, **kwargs)
           ^^^^^^^^^^^^^^^^^^^^^^^^^^^^^^^^^^^^^^^^^^^^^^^^^^^^^^^^^^^^^^^^^^^^^^^^^^
  File "C:\Users\Administrator\AppData\Local\Programs\Python\Python313\Lib\site-packages\aiogram\dispatcher\router.py", line 146, in propagate_event
    return await observer.wrap_outer_middleware(_wrapped, event=event, data=kwargs)
           ^^^^^^^^^^^^^^^^^^^^^^^^^^^^^^^^^^^^^^^^^^^^^^^^^^^^^^^^^^^^^^^^^^^^^^^^
  File "C:\Users\Administrator\AppData\Local\Programs\Python\Python313\Lib\site-packages\aiogram\dispatcher\router.py", line 141, in _wrapped
    return await self._propagate_event(
           ^^^^^^^^^^^^^^^^^^^^^^^^^^^^
        observer=observer, update_type=update_type, event=telegram_event, **data
        ^^^^^^^^^^^^^^^^^^^^^^^^^^^^^^^^^^^^^^^^^^^^^^^^^^^^^^^^^^^^^^^^^^^^^^^^
    )
    ^
  File "C:\Users\Administrator\AppData\Local\Programs\Python\Python313\Lib\site-packages\aiogram\dispatcher\router.py", line 174, in _propagate_event
    response = await router.propagate_event(update_type=update_type, event=event, **kwargs)
               ^^^^^^^^^^^^^^^^^^^^^^^^^^^^^^^^^^^^^^^^^^^^^^^^^^^^^^^^^^^^^^^^^^^^^^^^^^^^
  File "C:\Users\Administrator\AppData\Local\Programs\Python\Python313\Lib\site-packages\aiogram\dispatcher\router.py", line 146, in propagate_event
    return await observer.wrap_outer_middleware(_wrapped, event=event, data=kwargs)
           ^^^^^^^^^^^^^^^^^^^^^^^^^^^^^^^^^^^^^^^^^^^^^^^^^^^^^^^^^^^^^^^^^^^^^^^^
  File "C:\Users\Administrator\AppData\Local\Programs\Python\Python313\Lib\site-packages\aiogram\dispatcher\router.py", line 141, in _wrapped
    return await self._propagate_event(
           ^^^^^^^^^^^^^^^^^^^^^^^^^^^^
        observer=observer, update_type=update_type, event=telegram_event, **data
        ^^^^^^^^^^^^^^^^^^^^^^^^^^^^^^^^^^^^^^^^^^^^^^^^^^^^^^^^^^^^^^^^^^^^^^^^
    )
    ^
  File "C:\Users\Administrator\AppData\Local\Programs\Python\Python313\Lib\site-packages\aiogram\dispatcher\router.py", line 166, in _propagate_event
    response = await observer.trigger(event, **kwargs)
               ^^^^^^^^^^^^^^^^^^^^^^^^^^^^^^^^^^^^^^^
  File "C:\Users\Administrator\AppData\Local\Programs\Python\Python313\Lib\site-packages\aiogram\dispatcher\event\telegram.py", line 121, in trigger
    return await wrapped_inner(event, kwargs)
           ^^^^^^^^^^^^^^^^^^^^^^^^^^^^^^^^^^
  File "C:\Users\Administrator\AppData\Local\Programs\Python\Python313\Lib\site-packages\aiogram\dispatcher\event\handler.py", line 43, in call
    return await wrapped()
           ^^^^^^^^^^^^^^^
  File "C:\BOT\race_event_bot_v0.13\handlers\start.py", line 812, in add_to_calendar
    await callback.message.answer("\u200B", reply_markup=kb_back.as_markup())
  File "C:\Users\Administrator\AppData\Local\Programs\Python\Python313\Lib\site-packages\aiogram\methods\base.py", line 84, in emit
    return await bot(self)
           ^^^^^^^^^^^^^^^
  File "C:\Users\Administrator\AppData\Local\Programs\Python\Python313\Lib\site-packages\aiogram\client\bot.py", line 482, in __call__
    return await self.session(self, method, timeout=request_timeout)
           ^^^^^^^^^^^^^^^^^^^^^^^^^^^^^^^^^^^^^^^^^^^^^^^^^^^^^^^^^
  File "C:\Users\Administrator\AppData\Local\Programs\Python\Python313\Lib\site-packages\aiogram\client\session\base.py", line 254, in __call__
    return cast(TelegramType, await middleware(bot, method))
                              ^^^^^^^^^^^^^^^^^^^^^^^^^^^^^
  File "C:\Users\Administrator\AppData\Local\Programs\Python\Python313\Lib\site-packages\aiogram\client\session\aiohttp.py", line 185, in make_request
    response = self.check_response(
        bot=bot, method=method, status_code=resp.status, content=raw_result
    )
  File "C:\Users\Administrator\AppData\Local\Programs\Python\Python313\Lib\site-packages\aiogram\client\session\base.py", line 120, in check_response
    raise TelegramBadRequest(method=method, message=description)
aiogram.exceptions.TelegramBadRequest: Telegram server says - Bad Request: text must be non-empty
2026-02-25 16:31:15,917 [INFO] aiogram.event: Update id=444205494 is not handled. Duration 325 ms by bot id=8432313674
2026-02-25 16:31:15,920 [ERROR] aiogram.event: Cause exception while process update id=444205494 by bot id=8432313674
TelegramBadRequest: Telegram server says - Bad Request: text must be non-empty
Traceback (most recent call last):
  File "C:\Users\Administrator\AppData\Local\Programs\Python\Python313\Lib\site-packages\aiogram\dispatcher\dispatcher.py", line 309, in _process_update
    response = await self.feed_update(bot, update, **kwargs)
               ^^^^^^^^^^^^^^^^^^^^^^^^^^^^^^^^^^^^^^^^^^^^^
  File "C:\Users\Administrator\AppData\Local\Programs\Python\Python313\Lib\site-packages\aiogram\dispatcher\dispatcher.py", line 158, in feed_update
    response = await self.update.wrap_outer_middleware(
               ^^^^^^^^^^^^^^^^^^^^^^^^^^^^^^^^^^^^^^^^
    ...<7 lines>...
    )
    ^
  File "C:\Users\Administrator\AppData\Local\Programs\Python\Python313\Lib\site-packages\aiogram\dispatcher\middlewares\error.py", line 25, in __call__
    return await handler(event, data)
           ^^^^^^^^^^^^^^^^^^^^^^^^^^
  File "C:\Users\Administrator\AppData\Local\Programs\Python\Python313\Lib\site-packages\aiogram\dispatcher\middlewares\user_context.py", line 56, in __call__
    return await handler(event, data)
           ^^^^^^^^^^^^^^^^^^^^^^^^^^
  File "C:\Users\Administrator\AppData\Local\Programs\Python\Python313\Lib\site-packages\aiogram\fsm\middleware.py", line 42, in __call__
    return await handler(event, data)
           ^^^^^^^^^^^^^^^^^^^^^^^^^^
  File "C:\Users\Administrator\AppData\Local\Programs\Python\Python313\Lib\site-packages\aiogram\dispatcher\event\telegram.py", line 121, in trigger
    return await wrapped_inner(event, kwargs)
           ^^^^^^^^^^^^^^^^^^^^^^^^^^^^^^^^^^
  File "C:\Users\Administrator\AppData\Local\Programs\Python\Python313\Lib\site-packages\aiogram\dispatcher\event\handler.py", line 43, in call
    return await wrapped()
           ^^^^^^^^^^^^^^^
  File "C:\Users\Administrator\AppData\Local\Programs\Python\Python313\Lib\site-packages\aiogram\dispatcher\dispatcher.py", line 276, in _listen_update
    return await self.propagate_event(update_type=update_type, event=event, **kwargs)
           ^^^^^^^^^^^^^^^^^^^^^^^^^^^^^^^^^^^^^^^^^^^^^^^^^^^^^^^^^^^^^^^^^^^^^^^^^^
  File "C:\Users\Administrator\AppData\Local\Programs\Python\Python313\Lib\site-packages\aiogram\dispatcher\router.py", line 146, in propagate_event
    return await observer.wrap_outer_middleware(_wrapped, event=event, data=kwargs)
           ^^^^^^^^^^^^^^^^^^^^^^^^^^^^^^^^^^^^^^^^^^^^^^^^^^^^^^^^^^^^^^^^^^^^^^^^
  File "C:\Users\Administrator\AppData\Local\Programs\Python\Python313\Lib\site-packages\aiogram\dispatcher\router.py", line 141, in _wrapped
    return await self._propagate_event(
           ^^^^^^^^^^^^^^^^^^^^^^^^^^^^
        observer=observer, update_type=update_type, event=telegram_event, **data
        ^^^^^^^^^^^^^^^^^^^^^^^^^^^^^^^^^^^^^^^^^^^^^^^^^^^^^^^^^^^^^^^^^^^^^^^^
    )
    ^
  File "C:\Users\Administrator\AppData\Local\Programs\Python\Python313\Lib\site-packages\aiogram\dispatcher\router.py", line 174, in _propagate_event
    response = await router.propagate_event(update_type=update_type, event=event, **kwargs)
               ^^^^^^^^^^^^^^^^^^^^^^^^^^^^^^^^^^^^^^^^^^^^^^^^^^^^^^^^^^^^^^^^^^^^^^^^^^^^
  File "C:\Users\Administrator\AppData\Local\Programs\Python\Python313\Lib\site-packages\aiogram\dispatcher\router.py", line 146, in propagate_event
    return await observer.wrap_outer_middleware(_wrapped, event=event, data=kwargs)
           ^^^^^^^^^^^^^^^^^^^^^^^^^^^^^^^^^^^^^^^^^^^^^^^^^^^^^^^^^^^^^^^^^^^^^^^^
  File "C:\Users\Administrator\AppData\Local\Programs\Python\Python313\Lib\site-packages\aiogram\dispatcher\router.py", line 141, in _wrapped
    return await self._propagate_event(
           ^^^^^^^^^^^^^^^^^^^^^^^^^^^^
        observer=observer, update_type=update_type, event=telegram_event, **data
        ^^^^^^^^^^^^^^^^^^^^^^^^^^^^^^^^^^^^^^^^^^^^^^^^^^^^^^^^^^^^^^^^^^^^^^^^
    )
    ^
  File "C:\Users\Administrator\AppData\Local\Programs\Python\Python313\Lib\site-packages\aiogram\dispatcher\router.py", line 166, in _propagate_event
    response = await observer.trigger(event, **kwargs)
               ^^^^^^^^^^^^^^^^^^^^^^^^^^^^^^^^^^^^^^^
  File "C:\Users\Administrator\AppData\Local\Programs\Python\Python313\Lib\site-packages\aiogram\dispatcher\event\telegram.py", line 121, in trigger
    return await wrapped_inner(event, kwargs)
           ^^^^^^^^^^^^^^^^^^^^^^^^^^^^^^^^^^
  File "C:\Users\Administrator\AppData\Local\Programs\Python\Python313\Lib\site-packages\aiogram\dispatcher\event\handler.py", line 43, in call
    return await wrapped()
           ^^^^^^^^^^^^^^^
  File "C:\BOT\race_event_bot_v0.13\handlers\start.py", line 812, in add_to_calendar
    await callback.message.answer("\u200B", reply_markup=kb_back.as_markup())
  File "C:\Users\Administrator\AppData\Local\Programs\Python\Python313\Lib\site-packages\aiogram\methods\base.py", line 84, in emit
    return await bot(self)
           ^^^^^^^^^^^^^^^
  File "C:\Users\Administrator\AppData\Local\Programs\Python\Python313\Lib\site-packages\aiogram\client\bot.py", line 482, in __call__
    return await self.session(self, method, timeout=request_timeout)
           ^^^^^^^^^^^^^^^^^^^^^^^^^^^^^^^^^^^^^^^^^^^^^^^^^^^^^^^^^
  File "C:\Users\Administrator\AppData\Local\Programs\Python\Python313\Lib\site-packages\aiogram\client\session\base.py", line 254, in __call__
    return cast(TelegramType, await middleware(bot, method))
                              ^^^^^^^^^^^^^^^^^^^^^^^^^^^^^
  File "C:\Users\Administrator\AppData\Local\Programs\Python\Python313\Lib\site-packages\aiogram\client\session\aiohttp.py", line 185, in make_request
    response = self.check_response(
        bot=bot, method=method, status_code=resp.status, content=raw_result
    )
  File "C:\Users\Administrator\AppData\Local\Programs\Python\Python313\Lib\site-packages\aiogram\client\session\base.py", line 120, in check_response
    raise TelegramBadRequest(method=method, message=description)
aiogram.exceptions.TelegramBadRequest: Telegram server says - Bad Request: text must be non-empty
2026-02-25 16:35:04,558 [INFO] root: 🆕 Новый пользователь: 8437024490 (a_sorichr)
2026-02-25 16:35:04,685 [INFO] aiogram.event: Update id=444205495 is handled. Duration 128 ms by bot id=8432313674
2026-02-25 16:35:10,665 [INFO] aiogram.event: Update id=444205496 is handled. Duration 229 ms by bot id=8432313674
2026-02-25 16:35:12,632 [INFO] aiogram.event: Update id=444205497 is handled. Duration 172 ms by bot id=8432313674
2026-02-25 16:35:16,150 [INFO] aiogram.event: Update id=444205498 is handled. Duration 218 ms by bot id=8432313674
2026-02-25 16:35:20,858 [INFO] aiogram.event: Update id=444205499 is handled. Duration 135 ms by bot id=8432313674
2026-02-25 16:35:23,235 [INFO] aiogram.event: Update id=444205500 is handled. Duration 353 ms by bot id=8432313674
2026-02-25 16:35:25,678 [INFO] aiogram.event: Update id=444205501 is handled. Duration 195 ms by bot id=8432313674
2026-02-25 16:35:32,659 [INFO] aiogram.event: Update id=444205502 is handled. Duration 451 ms by bot id=8432313674
2026-02-25 16:35:35,899 [INFO] aiogram.event: Update id=444205503 is handled. Duration 63 ms by bot id=8432313674
2026-02-25 16:35:37,624 [INFO] aiogram.event: Update id=444205504 is handled. Duration 109 ms by bot id=8432313674
2026-02-25 16:35:40,435 [INFO] aiogram.event: Update id=444205505 is handled. Duration 183 ms by bot id=8432313674
2026-02-25 16:35:42,595 [INFO] aiogram.event: Update id=444205506 is handled. Duration 109 ms by bot id=8432313674
2026-02-25 16:35:50,498 [INFO] aiogram.event: Update id=444205507 is handled. Duration 169 ms by bot id=8432313674
2026-02-25 16:35:53,319 [INFO] aiogram.event: Update id=444205508 is handled. Duration 489 ms by bot id=8432313674
2026-02-25 16:35:55,325 [INFO] aiogram.event: Update id=444205509 is handled. Duration 251 ms by bot id=8432313674
2026-02-25 16:48:55,410 [INFO] aiogram.event: Update id=444205510 is handled. Duration 192 ms by bot id=8432313674
2026-02-26 11:26:26,521 [ERROR] aiogram.dispatcher: Failed to fetch updates - TelegramNetworkError: HTTP Client says - ClientOSError: [WinError 121] Превышен таймаут семафора
2026-02-26 11:26:26,522 [WARNING] aiogram.dispatcher: Sleep for 1.000000 seconds and try again... (tryings = 0, bot id = 8432313674)
2026-02-26 11:26:48,584 [ERROR] aiogram.dispatcher: Failed to fetch updates - TelegramNetworkError: HTTP Client says - ClientConnectorError: Cannot connect to host api.telegram.org:443 ssl:default [Превышен таймаут семафора]
2026-02-26 11:26:48,585 [WARNING] aiogram.dispatcher: Sleep for 1.435997 seconds and try again... (tryings = 1, bot id = 8432313674)
2026-02-26 11:27:11,085 [ERROR] aiogram.dispatcher: Failed to fetch updates - TelegramNetworkError: HTTP Client says - ClientConnectorError: Cannot connect to host api.telegram.org:443 ssl:default [Превышен таймаут семафора]
2026-02-26 11:27:11,086 [WARNING] aiogram.dispatcher: Sleep for 2.018771 seconds and try again... (tryings = 2, bot id = 8432313674)
2026-02-26 11:27:30,326 [INFO] aiogram.dispatcher: Connection established (tryings = 3, bot id = 8432313674)
2026-02-27 04:10:58,323 [ERROR] aiogram.dispatcher: Failed to fetch updates - TelegramServerError: Telegram server says - Bad Gateway
2026-02-27 04:10:58,324 [WARNING] aiogram.dispatcher: Sleep for 1.000000 seconds and try again... (tryings = 0, bot id = 8432313674)
2026-02-27 04:10:59,378 [ERROR] aiogram.dispatcher: Failed to fetch updates - TelegramServerError: Telegram server says - Bad Gateway
2026-02-27 04:10:59,378 [WARNING] aiogram.dispatcher: Sleep for 1.169727 seconds and try again... (tryings = 1, bot id = 8432313674)
2026-02-27 04:11:00,613 [ERROR] aiogram.dispatcher: Failed to fetch updates - TelegramServerError: Telegram server says - Bad Gateway
2026-02-27 04:11:00,614 [WARNING] aiogram.dispatcher: Sleep for 1.726076 seconds and try again... (tryings = 2, bot id = 8432313674)
2026-02-27 04:11:02,412 [ERROR] aiogram.dispatcher: Failed to fetch updates - TelegramServerError: Telegram server says - Bad Gateway
2026-02-27 04:11:02,415 [WARNING] aiogram.dispatcher: Sleep for 2.361156 seconds and try again... (tryings = 3, bot id = 8432313674)
2026-02-27 04:11:35,386 [INFO] aiogram.dispatcher: Connection established (tryings = 4, bot id = 8432313674)
2026-03-01 02:21:55,214 [ERROR] aiogram.dispatcher: Failed to fetch updates - TelegramServerError: Telegram server says - Bad Gateway
2026-03-01 02:21:55,217 [WARNING] aiogram.dispatcher: Sleep for 1.000000 seconds and try again... (tryings = 0, bot id = 8432313674)
2026-03-01 02:21:56,276 [ERROR] aiogram.dispatcher: Failed to fetch updates - TelegramServerError: Telegram server says - Bad Gateway
2026-03-01 02:21:56,278 [WARNING] aiogram.dispatcher: Sleep for 1.317050 seconds and try again... (tryings = 1, bot id = 8432313674)
2026-03-01 02:21:57,651 [ERROR] aiogram.dispatcher: Failed to fetch updates - TelegramServerError: Telegram server says - Bad Gateway
2026-03-01 02:21:57,652 [WARNING] aiogram.dispatcher: Sleep for 1.765428 seconds and try again... (tryings = 2, bot id = 8432313674)
2026-03-01 02:21:59,479 [ERROR] aiogram.dispatcher: Failed to fetch updates - TelegramServerError: Telegram server says - Bad Gateway
2026-03-01 02:21:59,480 [WARNING] aiogram.dispatcher: Sleep for 2.296110 seconds and try again... (tryings = 3, bot id = 8432313674)
2026-03-01 02:22:01,840 [ERROR] aiogram.dispatcher: Failed to fetch updates - TelegramServerError: Telegram server says - Bad Gateway
2026-03-01 02:22:01,840 [WARNING] aiogram.dispatcher: Sleep for 3.083893 seconds and try again... (tryings = 4, bot id = 8432313674)
2026-03-01 02:22:34,708 [INFO] aiogram.dispatcher: Connection established (tryings = 5, bot id = 8432313674)
2026-03-01 03:00:56,082 [ERROR] aiogram.dispatcher: Failed to fetch updates - TelegramRetryAfter: Telegram server says - Flood control exceeded on method 'GetUpdates'. Retry in 5 seconds.
Original description: Too Many Requests: retry after 5
(background on this error at: https://core.telegram.org/bots/faq#my-bot-is-hitting-limits-how-do-i-avoid-this)
2026-03-01 03:00:56,083 [WARNING] aiogram.dispatcher: Sleep for 1.000000 seconds and try again... (tryings = 0, bot id = 8432313674)
2026-03-01 03:00:58,036 [ERROR] aiogram.dispatcher: Failed to fetch updates - TelegramServerError: Telegram server says - Bad Gateway
2026-03-01 03:00:58,037 [WARNING] aiogram.dispatcher: Sleep for 1.556006 seconds and try again... (tryings = 1, bot id = 8432313674)
2026-03-01 03:01:23,293 [INFO] aiogram.dispatcher: Connection established (tryings = 2, bot id = 8432313674)
2026-03-02 13:00:24,516 [ERROR] aiogram.dispatcher: Failed to fetch updates - TelegramNetworkError: HTTP Client says - ServerDisconnectedError: Server disconnected
2026-03-02 13:00:24,518 [WARNING] aiogram.dispatcher: Sleep for 1.000000 seconds and try again... (tryings = 0, bot id = 8432313674)
2026-03-02 13:00:35,679 [INFO] aiogram.dispatcher: Connection established (tryings = 1, bot id = 8432313674)
2026-03-02 13:00:35,683 [ERROR] aiogram.dispatcher: Failed to fetch updates - TelegramNetworkError: HTTP Client says - ServerDisconnectedError: Server disconnected
2026-03-02 13:00:35,686 [WARNING] aiogram.dispatcher: Sleep for 1.000000 seconds and try again... (tryings = 0, bot id = 8432313674)
2026-03-02 13:00:46,842 [INFO] aiogram.dispatcher: Connection established (tryings = 1, bot id = 8432313674)
2026-03-02 13:14:09,669 [ERROR] aiogram.dispatcher: Failed to fetch updates - TelegramNetworkError: HTTP Client says - ClientOSError: [WinError 121] Превышен таймаут семафора
2026-03-02 13:14:09,672 [WARNING] aiogram.dispatcher: Sleep for 1.000000 seconds and try again... (tryings = 0, bot id = 8432313674)
2026-03-02 13:14:20,839 [INFO] aiogram.dispatcher: Connection established (tryings = 1, bot id = 8432313674)
2026-03-02 15:14:05,271 [ERROR] aiogram.dispatcher: Failed to fetch updates - TelegramNetworkError: HTTP Client says - ClientOSError: [WinError 121] Превышен таймаут семафора
2026-03-02 15:14:05,276 [WARNING] aiogram.dispatcher: Sleep for 1.000000 seconds and try again... (tryings = 0, bot id = 8432313674)
2026-03-02 15:14:16,451 [INFO] aiogram.dispatcher: Connection established (tryings = 1, bot id = 8432313674)
2026-03-02 15:15:46,028 [ERROR] aiogram.dispatcher: Failed to fetch updates - TelegramNetworkError: HTTP Client says - ClientOSError: [WinError 121] Превышен таймаут семафора
2026-03-02 15:15:46,030 [WARNING] aiogram.dispatcher: Sleep for 1.000000 seconds and try again... (tryings = 0, bot id = 8432313674)
2026-03-02 15:15:57,189 [INFO] aiogram.dispatcher: Connection established (tryings = 1, bot id = 8432313674)
2026-03-03 22:41:08,621 [INFO] root: 🆕 Новый пользователь: 5624000738 (unknown)
2026-03-03 22:41:08,797 [INFO] aiogram.event: Update id=444205511 is handled. Duration 179 ms by bot id=8432313674
2026-03-05 21:30:25,127 [ERROR] aiogram.dispatcher: Failed to fetch updates - TelegramNetworkError: HTTP Client says - ServerDisconnectedError: Server disconnected
2026-03-05 21:30:25,128 [WARNING] aiogram.dispatcher: Sleep for 1.000000 seconds and try again... (tryings = 0, bot id = 8432313674)
2026-03-05 21:30:36,282 [INFO] aiogram.dispatcher: Connection established (tryings = 1, bot id = 8432313674)
2026-03-05 21:32:36,868 [ERROR] aiogram.dispatcher: Failed to fetch updates - TelegramNetworkError: HTTP Client says - ServerDisconnectedError: Server disconnected
2026-03-05 21:32:36,869 [WARNING] aiogram.dispatcher: Sleep for 1.000000 seconds and try again... (tryings = 0, bot id = 8432313674)
2026-03-05 21:32:48,025 [INFO] aiogram.dispatcher: Connection established (tryings = 1, bot id = 8432313674)
2026-03-06 18:34:20,671 [ERROR] aiogram.dispatcher: Failed to fetch updates - TelegramNetworkError: HTTP Client says - ClientOSError: [WinError 121] Превышен таймаут семафора
2026-03-06 18:34:20,672 [WARNING] aiogram.dispatcher: Sleep for 1.000000 seconds and try again... (tryings = 0, bot id = 8432313674)
2026-03-06 18:34:34,850 [INFO] aiogram.dispatcher: Connection established (tryings = 1, bot id = 8432313674)
2026-03-06 23:59:58,150 [INFO] aiogram.dispatcher: Polling stopped
2026-03-06 23:59:58,175 [ERROR] aiogram.dispatcher: Failed to fetch updates - TelegramNetworkError: HTTP Client says - ServerDisconnectedError: Server disconnected
2026-03-06 23:59:58,176 [WARNING] aiogram.dispatcher: Sleep for 1.000000 seconds and try again... (tryings = 0, bot id = 8432313674)
2026-03-06 23:59:58,464 [INFO] aiogram.dispatcher: Polling stopped for bot @raceevent_bot id=8432313674 - 'Race Event'
