2025-11-17 11:41:15,765 [INFO] __main__: 🚀 Логирование инициализировано
2025-11-17 11:41:15,771 [DEBUG] asyncio: Using proactor: IocpProactor
2025-11-17 11:41:15,789 [INFO] root: 🚀 Запуск Race Event Bot...
2025-11-17 11:41:16,273 [DEBUG] tzlocal: Looking up time zone info from registry
2025-11-17 11:41:16,275 [INFO] root: Reminders set up (cron: */5 * * * *)
2025-11-17 11:41:16,581 [INFO] __main__: ✅ Бот запущен и слушает обновления...
2025-11-17 11:41:16,582 [INFO] aiogram.dispatcher: Start polling
2025-11-17 11:41:16,633 [INFO] aiogram.dispatcher: Run polling for bot @raceevent_bot id=8432313674 - 'Race Event'
2025-11-17 11:41:17,385 [INFO] aiogram.event: Update id=444205369 is handled. Duration 694 ms by bot id=8432313674
2025-11-17 11:45:00,081 [ERROR] root: Failed to send reminder to 440597082: Telegram server says - Forbidden: bot was blocked by the user
Traceback (most recent call last):
  File "C:\BOT\race_event_bot_v0.13\scheduler\reminders.py", line 171, in _send_message
    await self.bot.send_message(int(user_id), text, parse_mode="HTML", disable_web_page_preview=False)
  File "C:\Users\Administrator\AppData\Local\Programs\Python\Python313\Lib\site-packages\aiogram\client\bot.py", line 2925, in send_message
    return await self(call, request_timeout=request_timeout)
           ^^^^^^^^^^^^^^^^^^^^^^^^^^^^^^^^^^^^^^^^^^^^^^^^^
  File "C:\Users\Administrator\AppData\Local\Programs\Python\Python313\Lib\site-packages\aiogram\client\bot.py", line 485, in __call__
    return await self.session(self, method, timeout=request_timeout)
           ^^^^^^^^^^^^^^^^^^^^^^^^^^^^^^^^^^^^^^^^^^^^^^^^^^^^^^^^^
  File "C:\Users\Administrator\AppData\Local\Programs\Python\Python313\Lib\site-packages\aiogram\client\session\base.py", line 254, in __call__
    return cast(TelegramType, await middleware(bot, method))
                              ^^^^^^^^^^^^^^^^^^^^^^^^^^^^^
  File "C:\Users\Administrator\AppData\Local\Programs\Python\Python313\Lib\site-packages\aiogram\client\session\aiohttp.py", line 185, in make_request
    response = self.check_response(
        bot=bot, method=method, status_code=resp.status, content=raw_result
    )
  File "C:\Users\Administrator\AppData\Local\Programs\Python\Python313\Lib\site-packages\aiogram\client\session\base.py", line 128, in check_response
    raise TelegramForbiddenError(method=method, message=description)
aiogram.exceptions.TelegramForbiddenError: Telegram server says - Forbidden: bot was blocked by the user
2025-11-17 11:45:00,439 [INFO] root: Sent reminder to 259810935
2025-11-17 11:45:00,571 [INFO] root: Sent reminder to 93577892
2025-11-17 11:45:00,652 [INFO] root: Sent reminder to 29616599
2025-11-17 15:22:44,335 [INFO] aiogram.event: Update id=444205370 is handled. Duration 190 ms by bot id=8432313674
2025-11-17 15:22:45,998 [INFO] aiogram.event: Update id=444205371 is handled. Duration 228 ms by bot id=8432313674
2025-11-17 15:22:49,248 [INFO] aiogram.event: Update id=444205372 is handled. Duration 459 ms by bot id=8432313674
2025-11-17 15:22:52,305 [INFO] aiogram.event: Update id=444205373 is handled. Duration 148 ms by bot id=8432313674
2025-11-17 15:23:03,880 [INFO] aiogram.event: Update id=444205375 is handled. Duration 220 ms by bot id=8432313674
2025-11-17 15:23:03,934 [INFO] aiogram.event: Update id=444205376 is handled. Duration 226 ms by bot id=8432313674
2025-11-17 15:23:04,127 [INFO] aiogram.event: Update id=444205374 is not handled. Duration 8954 ms by bot id=8432313674
2025-11-17 15:23:04,128 [ERROR] aiogram.event: Cause exception while process update id=444205374 by bot id=8432313674
TelegramBadRequest: Telegram server says - Bad Request: text must be non-empty
Traceback (most recent call last):
  File "C:\Users\Administrator\AppData\Local\Programs\Python\Python313\Lib\site-packages\aiogram\dispatcher\dispatcher.py", line 309, in _process_update
    response = await self.feed_update(bot, update, **kwargs)
               ^^^^^^^^^^^^^^^^^^^^^^^^^^^^^^^^^^^^^^^^^^^^^
  File "C:\Users\Administrator\AppData\Local\Programs\Python\Python313\Lib\site-packages\aiogram\dispatcher\dispatcher.py", line 158, in feed_update
    response = await self.update.wrap_outer_middleware(
               ^^^^^^^^^^^^^^^^^^^^^^^^^^^^^^^^^^^^^^^^
    ...<7 lines>...
    )
    ^
  File "C:\Users\Administrator\AppData\Local\Programs\Python\Python313\Lib\site-packages\aiogram\dispatcher\middlewares\error.py", line 25, in __call__
    return await handler(event, data)
           ^^^^^^^^^^^^^^^^^^^^^^^^^^
  File "C:\Users\Administrator\AppData\Local\Programs\Python\Python313\Lib\site-packages\aiogram\dispatcher\middlewares\user_context.py", line 56, in __call__
    return await handler(event, data)
           ^^^^^^^^^^^^^^^^^^^^^^^^^^
  File "C:\Users\Administrator\AppData\Local\Programs\Python\Python313\Lib\site-packages\aiogram\fsm\middleware.py", line 42, in __call__
    return await handler(event, data)
           ^^^^^^^^^^^^^^^^^^^^^^^^^^
  File "C:\Users\Administrator\AppData\Local\Programs\Python\Python313\Lib\site-packages\aiogram\dispatcher\event\telegram.py", line 121, in trigger
    return await wrapped_inner(event, kwargs)
           ^^^^^^^^^^^^^^^^^^^^^^^^^^^^^^^^^^
  File "C:\Users\Administrator\AppData\Local\Programs\Python\Python313\Lib\site-packages\aiogram\dispatcher\event\handler.py", line 43, in call
    return await wrapped()
           ^^^^^^^^^^^^^^^
  File "C:\Users\Administrator\AppData\Local\Programs\Python\Python313\Lib\site-packages\aiogram\dispatcher\dispatcher.py", line 276, in _listen_update
    return await self.propagate_event(update_type=update_type, event=event, **kwargs)
           ^^^^^^^^^^^^^^^^^^^^^^^^^^^^^^^^^^^^^^^^^^^^^^^^^^^^^^^^^^^^^^^^^^^^^^^^^^
  File "C:\Users\Administrator\AppData\Local\Programs\Python\Python313\Lib\site-packages\aiogram\dispatcher\router.py", line 146, in propagate_event
    return await observer.wrap_outer_middleware(_wrapped, event=event, data=kwargs)
           ^^^^^^^^^^^^^^^^^^^^^^^^^^^^^^^^^^^^^^^^^^^^^^^^^^^^^^^^^^^^^^^^^^^^^^^^
  File "C:\Users\Administrator\AppData\Local\Programs\Python\Python313\Lib\site-packages\aiogram\dispatcher\router.py", line 141, in _wrapped
    return await self._propagate_event(
           ^^^^^^^^^^^^^^^^^^^^^^^^^^^^
        observer=observer, update_type=update_type, event=telegram_event, **data
        ^^^^^^^^^^^^^^^^^^^^^^^^^^^^^^^^^^^^^^^^^^^^^^^^^^^^^^^^^^^^^^^^^^^^^^^^
    )
    ^
  File "C:\Users\Administrator\AppData\Local\Programs\Python\Python313\Lib\site-packages\aiogram\dispatcher\router.py", line 174, in _propagate_event
    response = await router.propagate_event(update_type=update_type, event=event, **kwargs)
               ^^^^^^^^^^^^^^^^^^^^^^^^^^^^^^^^^^^^^^^^^^^^^^^^^^^^^^^^^^^^^^^^^^^^^^^^^^^^
  File "C:\Users\Administrator\AppData\Local\Programs\Python\Python313\Lib\site-packages\aiogram\dispatcher\router.py", line 146, in propagate_event
    return await observer.wrap_outer_middleware(_wrapped, event=event, data=kwargs)
           ^^^^^^^^^^^^^^^^^^^^^^^^^^^^^^^^^^^^^^^^^^^^^^^^^^^^^^^^^^^^^^^^^^^^^^^^
  File "C:\Users\Administrator\AppData\Local\Programs\Python\Python313\Lib\site-packages\aiogram\dispatcher\router.py", line 141, in _wrapped
    return await self._propagate_event(
           ^^^^^^^^^^^^^^^^^^^^^^^^^^^^
        observer=observer, update_type=update_type, event=telegram_event, **data
        ^^^^^^^^^^^^^^^^^^^^^^^^^^^^^^^^^^^^^^^^^^^^^^^^^^^^^^^^^^^^^^^^^^^^^^^^
    )
    ^
  File "C:\Users\Administrator\AppData\Local\Programs\Python\Python313\Lib\site-packages\aiogram\dispatcher\router.py", line 166, in _propagate_event
    response = await observer.trigger(event, **kwargs)
               ^^^^^^^^^^^^^^^^^^^^^^^^^^^^^^^^^^^^^^^
  File "C:\Users\Administrator\AppData\Local\Programs\Python\Python313\Lib\site-packages\aiogram\dispatcher\event\telegram.py", line 121, in trigger
    return await wrapped_inner(event, kwargs)
           ^^^^^^^^^^^^^^^^^^^^^^^^^^^^^^^^^^
  File "C:\Users\Administrator\AppData\Local\Programs\Python\Python313\Lib\site-packages\aiogram\dispatcher\event\handler.py", line 43, in call
    return await wrapped()
           ^^^^^^^^^^^^^^^
  File "C:\BOT\race_event_bot_v0.13\handlers\start.py", line 812, in add_to_calendar
    await callback.message.answer("\u200B", reply_markup=kb_back.as_markup())
  File "C:\Users\Administrator\AppData\Local\Programs\Python\Python313\Lib\site-packages\aiogram\methods\base.py", line 84, in emit
    return await bot(self)
           ^^^^^^^^^^^^^^^
  File "C:\Users\Administrator\AppData\Local\Programs\Python\Python313\Lib\site-packages\aiogram\client\bot.py", line 485, in __call__
    return await self.session(self, method, timeout=request_timeout)
           ^^^^^^^^^^^^^^^^^^^^^^^^^^^^^^^^^^^^^^^^^^^^^^^^^^^^^^^^^
  File "C:\Users\Administrator\AppData\Local\Programs\Python\Python313\Lib\site-packages\aiogram\client\session\base.py", line 254, in __call__
    return cast(TelegramType, await middleware(bot, method))
                              ^^^^^^^^^^^^^^^^^^^^^^^^^^^^^
  File "C:\Users\Administrator\AppData\Local\Programs\Python\Python313\Lib\site-packages\aiogram\client\session\aiohttp.py", line 185, in make_request
    response = self.check_response(
        bot=bot, method=method, status_code=resp.status, content=raw_result
    )
  File "C:\Users\Administrator\AppData\Local\Programs\Python\Python313\Lib\site-packages\aiogram\client\session\base.py", line 120, in check_response
    raise TelegramBadRequest(method=method, message=description)
aiogram.exceptions.TelegramBadRequest: Telegram server says - Bad Request: text must be non-empty
2025-11-17 15:23:15,842 [INFO] aiogram.event: Update id=444205377 is handled. Duration 145 ms by bot id=8432313674
2025-11-17 15:23:17,942 [INFO] aiogram.event: Update id=444205378 is handled. Duration 561 ms by bot id=8432313674
2025-11-17 15:23:31,550 [INFO] aiogram.event: Update id=444205379 is handled. Duration 80 ms by bot id=8432313674
2025-11-17 15:23:34,111 [INFO] aiogram.event: Update id=444205380 is handled. Duration 458 ms by bot id=8432313674
2025-11-17 15:23:35,688 [INFO] aiogram.event: Update id=444205381 is handled. Duration 61 ms by bot id=8432313674
2025-11-17 15:23:37,114 [INFO] aiogram.event: Update id=444205382 is handled. Duration 160 ms by bot id=8432313674
2025-11-17 15:46:52,276 [INFO] aiogram.event: Update id=444205383 is handled. Duration 548 ms by bot id=8432313674
2025-11-17 15:47:00,150 [INFO] aiogram.event: Update id=444205384 is handled. Duration 149 ms by bot id=8432313674
2025-11-17 15:47:01,909 [INFO] aiogram.event: Update id=444205385 is handled. Duration 429 ms by bot id=8432313674
2025-11-17 15:47:03,732 [INFO] aiogram.event: Update id=444205386 is handled. Duration 88 ms by bot id=8432313674
2025-11-17 15:47:05,110 [INFO] aiogram.event: Update id=444205387 is handled. Duration 67 ms by bot id=8432313674
2025-11-17 15:47:06,614 [INFO] aiogram.event: Update id=444205388 is handled. Duration 88 ms by bot id=8432313674
2025-11-17 15:47:11,167 [INFO] aiogram.event: Update id=444205389 is handled. Duration 213 ms by bot id=8432313674
2025-11-17 15:47:13,564 [INFO] aiogram.event: Update id=444205390 is handled. Duration 1017 ms by bot id=8432313674
2025-11-17 15:47:16,100 [INFO] aiogram.event: Update id=444205391 is handled. Duration 54 ms by bot id=8432313674
2025-11-17 15:47:17,429 [INFO] aiogram.event: Update id=444205392 is handled. Duration 82 ms by bot id=8432313674
2025-11-17 15:47:18,813 [INFO] aiogram.event: Update id=444205393 is handled. Duration 249 ms by bot id=8432313674
2025-11-17 15:47:21,355 [INFO] aiogram.event: Update id=444205394 is handled. Duration 728 ms by bot id=8432313674
2025-11-17 15:47:33,081 [INFO] aiogram.event: Update id=444205395 is handled. Duration 105 ms by bot id=8432313674
2025-11-17 16:51:14,197 [INFO] aiogram.event: Update id=444205396 is handled. Duration 299 ms by bot id=8432313674
2025-11-17 16:51:16,634 [INFO] aiogram.event: Update id=444205397 is handled. Duration 694 ms by bot id=8432313674
2025-11-17 16:51:19,367 [INFO] aiogram.event: Update id=444205398 is handled. Duration 439 ms by bot id=8432313674
2025-11-17 16:51:27,158 [INFO] aiogram.event: Update id=444205399 is handled. Duration 164 ms by bot id=8432313674
2025-11-17 16:51:35,297 [INFO] aiogram.event: Update id=444205400 is handled. Duration 916 ms by bot id=8432313674
2025-11-17 16:51:39,014 [INFO] aiogram.event: Update id=444205401 is handled. Duration 640 ms by bot id=8432313674
2025-11-17 16:51:43,572 [INFO] aiogram.event: Update id=444205402 is handled. Duration 277 ms by bot id=8432313674
2025-11-18 15:05:52,282 [ERROR] aiogram.dispatcher: Failed to fetch updates - TelegramNetworkError: HTTP Client says - ClientOSError: [WinError 64] Указанное сетевое имя более недоступно
2025-11-18 15:05:52,285 [WARNING] aiogram.dispatcher: Sleep for 1.000000 seconds and try again... (tryings = 0, bot id = 8432313674)
2025-11-18 15:06:03,415 [INFO] aiogram.dispatcher: Connection established (tryings = 1, bot id = 8432313674)
2025-11-18 15:10:34,560 [ERROR] aiogram.dispatcher: Failed to fetch updates - TelegramNetworkError: HTTP Client says - ClientOSError: [WinError 64] Указанное сетевое имя более недоступно
2025-11-18 15:10:34,562 [WARNING] aiogram.dispatcher: Sleep for 1.000000 seconds and try again... (tryings = 0, bot id = 8432313674)
2025-11-18 15:10:45,720 [INFO] aiogram.dispatcher: Connection established (tryings = 1, bot id = 8432313674)
2025-11-19 02:26:07,922 [ERROR] aiogram.dispatcher: Failed to fetch updates - TelegramNetworkError: HTTP Client says - ClientOSError: [WinError 121] Превышен таймаут семафора
2025-11-19 02:26:07,924 [WARNING] aiogram.dispatcher: Sleep for 1.000000 seconds and try again... (tryings = 0, bot id = 8432313674)
2025-11-19 02:26:29,998 [ERROR] aiogram.dispatcher: Failed to fetch updates - TelegramNetworkError: HTTP Client says - ClientConnectorError: Cannot connect to host api.telegram.org:443 ssl:default [Превышен таймаут семафора]
2025-11-19 02:26:29,999 [WARNING] aiogram.dispatcher: Sleep for 1.356731 seconds and try again... (tryings = 1, bot id = 8432313674)
2025-11-19 02:26:44,504 [INFO] aiogram.dispatcher: Connection established (tryings = 2, bot id = 8432313674)
2025-11-19 11:30:00,276 [ERROR] root: Failed to send reminder to 440597082: Telegram server says - Forbidden: bot was blocked by the user
Traceback (most recent call last):
  File "C:\BOT\race_event_bot_v0.13\scheduler\reminders.py", line 171, in _send_message
    await self.bot.send_message(int(user_id), text, parse_mode="HTML", disable_web_page_preview=False)
  File "C:\Users\Administrator\AppData\Local\Programs\Python\Python313\Lib\site-packages\aiogram\client\bot.py", line 2925, in send_message
    return await self(call, request_timeout=request_timeout)
           ^^^^^^^^^^^^^^^^^^^^^^^^^^^^^^^^^^^^^^^^^^^^^^^^^
  File "C:\Users\Administrator\AppData\Local\Programs\Python\Python313\Lib\site-packages\aiogram\client\bot.py", line 485, in __call__
    return await self.session(self, method, timeout=request_timeout)
           ^^^^^^^^^^^^^^^^^^^^^^^^^^^^^^^^^^^^^^^^^^^^^^^^^^^^^^^^^
  File "C:\Users\Administrator\AppData\Local\Programs\Python\Python313\Lib\site-packages\aiogram\client\session\base.py", line 254, in __call__
    return cast(TelegramType, await middleware(bot, method))
                              ^^^^^^^^^^^^^^^^^^^^^^^^^^^^^
  File "C:\Users\Administrator\AppData\Local\Programs\Python\Python313\Lib\site-packages\aiogram\client\session\aiohttp.py", line 185, in make_request
    response = self.check_response(
        bot=bot, method=method, status_code=resp.status, content=raw_result
    )
  File "C:\Users\Administrator\AppData\Local\Programs\Python\Python313\Lib\site-packages\aiogram\client\session\base.py", line 128, in check_response
    raise TelegramForbiddenError(method=method, message=description)
aiogram.exceptions.TelegramForbiddenError: Telegram server says - Forbidden: bot was blocked by the user
2025-11-19 11:30:00,529 [INFO] root: Sent reminder to 259810935
2025-11-19 11:30:00,757 [INFO] root: Sent reminder to 93577892
2025-11-19 11:30:00,997 [INFO] root: Sent reminder to 29616599
2025-11-19 21:32:30,502 [INFO] aiogram.event: Update id=444205403 is handled. Duration 201 ms by bot id=8432313674
2025-11-21 14:30:00,184 [ERROR] root: Failed to send reminder to 440597082: Telegram server says - Forbidden: bot was blocked by the user
Traceback (most recent call last):
  File "C:\BOT\race_event_bot_v0.13\scheduler\reminders.py", line 171, in _send_message
    await self.bot.send_message(int(user_id), text, parse_mode="HTML", disable_web_page_preview=False)
  File "C:\Users\Administrator\AppData\Local\Programs\Python\Python313\Lib\site-packages\aiogram\client\bot.py", line 2925, in send_message
    return await self(call, request_timeout=request_timeout)
           ^^^^^^^^^^^^^^^^^^^^^^^^^^^^^^^^^^^^^^^^^^^^^^^^^
  File "C:\Users\Administrator\AppData\Local\Programs\Python\Python313\Lib\site-packages\aiogram\client\bot.py", line 485, in __call__
    return await self.session(self, method, timeout=request_timeout)
           ^^^^^^^^^^^^^^^^^^^^^^^^^^^^^^^^^^^^^^^^^^^^^^^^^^^^^^^^^
  File "C:\Users\Administrator\AppData\Local\Programs\Python\Python313\Lib\site-packages\aiogram\client\session\base.py", line 254, in __call__
    return cast(TelegramType, await middleware(bot, method))
                              ^^^^^^^^^^^^^^^^^^^^^^^^^^^^^
  File "C:\Users\Administrator\AppData\Local\Programs\Python\Python313\Lib\site-packages\aiogram\client\session\aiohttp.py", line 185, in make_request
    response = self.check_response(
        bot=bot, method=method, status_code=resp.status, content=raw_result
    )
  File "C:\Users\Administrator\AppData\Local\Programs\Python\Python313\Lib\site-packages\aiogram\client\session\base.py", line 128, in check_response
    raise TelegramForbiddenError(method=method, message=description)
aiogram.exceptions.TelegramForbiddenError: Telegram server says - Forbidden: bot was blocked by the user
2025-11-21 14:30:00,291 [INFO] root: Sent reminder to 259810935
2025-11-21 14:30:00,404 [INFO] root: Sent reminder to 93577892
2025-11-21 14:30:00,553 [INFO] root: Sent reminder to 29616599
2025-11-21 17:18:38,017 [ERROR] aiogram.dispatcher: Failed to fetch updates - TelegramNetworkError: HTTP Client says - ServerDisconnectedError: Server disconnected
2025-11-21 17:18:38,018 [WARNING] aiogram.dispatcher: Sleep for 1.000000 seconds and try again... (tryings = 0, bot id = 8432313674)
2025-11-21 17:18:49,171 [INFO] aiogram.dispatcher: Connection established (tryings = 1, bot id = 8432313674)
2025-11-21 23:03:25,449 [INFO] aiogram.event: Update id=444205404 is handled. Duration 210 ms by bot id=8432313674
2025-11-21 23:03:32,701 [INFO] aiogram.event: Update id=444205405 is handled. Duration 82 ms by bot id=8432313674
2025-11-21 23:03:35,357 [INFO] aiogram.event: Update id=444205406 is handled. Duration 401 ms by bot id=8432313674
2025-11-21 23:03:41,954 [INFO] aiogram.event: Update id=444205407 is handled. Duration 123 ms by bot id=8432313674
2025-11-21 23:03:53,589 [INFO] aiogram.event: Update id=444205408 is handled. Duration 143 ms by bot id=8432313674
2025-11-21 23:03:55,831 [INFO] aiogram.event: Update id=444205409 is handled. Duration 723 ms by bot id=8432313674
2025-11-21 23:04:00,967 [INFO] aiogram.event: Update id=444205410 is handled. Duration 131 ms by bot id=8432313674
2025-11-21 23:04:04,161 [INFO] aiogram.event: Update id=444205411 is handled. Duration 125 ms by bot id=8432313674
2025-11-22 15:15:00,202 [ERROR] root: Failed to send reminder to 440597082: Telegram server says - Forbidden: bot was blocked by the user
Traceback (most recent call last):
  File "C:\BOT\race_event_bot_v0.13\scheduler\reminders.py", line 171, in _send_message
    await self.bot.send_message(int(user_id), text, parse_mode="HTML", disable_web_page_preview=False)
  File "C:\Users\Administrator\AppData\Local\Programs\Python\Python313\Lib\site-packages\aiogram\client\bot.py", line 2925, in send_message
    return await self(call, request_timeout=request_timeout)
           ^^^^^^^^^^^^^^^^^^^^^^^^^^^^^^^^^^^^^^^^^^^^^^^^^
  File "C:\Users\Administrator\AppData\Local\Programs\Python\Python313\Lib\site-packages\aiogram\client\bot.py", line 485, in __call__
    return await self.session(self, method, timeout=request_timeout)
           ^^^^^^^^^^^^^^^^^^^^^^^^^^^^^^^^^^^^^^^^^^^^^^^^^^^^^^^^^
  File "C:\Users\Administrator\AppData\Local\Programs\Python\Python313\Lib\site-packages\aiogram\client\session\base.py", line 254, in __call__
    return cast(TelegramType, await middleware(bot, method))
                              ^^^^^^^^^^^^^^^^^^^^^^^^^^^^^
  File "C:\Users\Administrator\AppData\Local\Programs\Python\Python313\Lib\site-packages\aiogram\client\session\aiohttp.py", line 185, in make_request
    response = self.check_response(
        bot=bot, method=method, status_code=resp.status, content=raw_result
    )
  File "C:\Users\Administrator\AppData\Local\Programs\Python\Python313\Lib\site-packages\aiogram\client\session\base.py", line 128, in check_response
    raise TelegramForbiddenError(method=method, message=description)
aiogram.exceptions.TelegramForbiddenError: Telegram server says - Forbidden: bot was blocked by the user
2025-11-22 15:15:00,366 [INFO] root: Sent reminder to 259810935
2025-11-22 15:15:00,475 [INFO] root: Sent reminder to 93577892
2025-11-22 15:15:00,584 [INFO] root: Sent reminder to 29616599
2025-11-23 15:41:46,094 [INFO] aiogram.event: Update id=444205412 is handled. Duration 172 ms by bot id=8432313674
2025-11-23 15:41:48,063 [INFO] aiogram.event: Update id=444205413 is handled. Duration 675 ms by bot id=8432313674
2025-11-23 15:41:51,843 [INFO] aiogram.event: Update id=444205414 is handled. Duration 127 ms by bot id=8432313674
2025-11-24 22:54:04,976 [INFO] aiogram.event: Update id=444205415 is handled. Duration 201 ms by bot id=8432313674
2025-11-25 02:37:58,971 [ERROR] aiogram.dispatcher: Failed to fetch updates - TelegramNetworkError: HTTP Client says - ClientOSError: [WinError 121] Превышен таймаут семафора
2025-11-25 02:37:58,985 [WARNING] aiogram.dispatcher: Sleep for 1.000000 seconds and try again... (tryings = 0, bot id = 8432313674)
2025-11-25 02:38:10,121 [INFO] aiogram.dispatcher: Connection established (tryings = 1, bot id = 8432313674)
2025-11-25 06:42:28,022 [ERROR] aiogram.dispatcher: Failed to fetch updates - TelegramNetworkError: HTTP Client says - ClientOSError: [WinError 121] Превышен таймаут семафора
2025-11-25 06:42:28,023 [WARNING] aiogram.dispatcher: Sleep for 1.000000 seconds and try again... (tryings = 0, bot id = 8432313674)
2025-11-25 06:42:39,187 [INFO] aiogram.dispatcher: Connection established (tryings = 1, bot id = 8432313674)
2025-11-25 16:51:58,395 [ERROR] aiogram.dispatcher: Failed to fetch updates - TelegramNetworkError: HTTP Client says - ServerDisconnectedError: Server disconnected
2025-11-25 16:51:58,396 [WARNING] aiogram.dispatcher: Sleep for 1.000000 seconds and try again... (tryings = 0, bot id = 8432313674)
2025-11-25 16:52:09,544 [INFO] aiogram.dispatcher: Connection established (tryings = 1, bot id = 8432313674)
2025-11-25 21:55:01,322 [ERROR] aiogram.dispatcher: Failed to fetch updates - TelegramNetworkError: HTTP Client says - ClientOSError: [WinError 121] Превышен таймаут семафора
2025-11-25 21:55:01,325 [WARNING] aiogram.dispatcher: Sleep for 1.000000 seconds and try again... (tryings = 0, bot id = 8432313674)
2025-11-25 21:55:23,366 [ERROR] aiogram.dispatcher: Failed to fetch updates - TelegramNetworkError: HTTP Client says - ClientConnectorError: Cannot connect to host api.telegram.org:443 ssl:default [Превышен таймаут семафора]
2025-11-25 21:55:23,366 [WARNING] aiogram.dispatcher: Sleep for 1.268809 seconds and try again... (tryings = 1, bot id = 8432313674)
2025-11-25 21:55:45,693 [ERROR] aiogram.dispatcher: Failed to fetch updates - TelegramNetworkError: HTTP Client says - ClientConnectorError: Cannot connect to host api.telegram.org:443 ssl:default [Превышен таймаут семафора]
2025-11-25 21:55:45,694 [WARNING] aiogram.dispatcher: Sleep for 1.758270 seconds and try again... (tryings = 2, bot id = 8432313674)
2025-11-25 21:55:57,588 [INFO] aiogram.dispatcher: Connection established (tryings = 3, bot id = 8432313674)
2025-11-28 00:15:33,397 [ERROR] aiogram.dispatcher: Failed to fetch updates - TelegramNetworkError: HTTP Client says - ClientOSError: [WinError 121] Превышен таймаут семафора
2025-11-28 00:15:33,398 [WARNING] aiogram.dispatcher: Sleep for 1.000000 seconds and try again... (tryings = 0, bot id = 8432313674)
2025-11-28 00:15:55,424 [ERROR] aiogram.dispatcher: Failed to fetch updates - TelegramNetworkError: HTTP Client says - ClientConnectorError: Cannot connect to host api.telegram.org:443 ssl:default [Превышен таймаут семафора]
2025-11-28 00:15:55,425 [WARNING] aiogram.dispatcher: Sleep for 1.495576 seconds and try again... (tryings = 1, bot id = 8432313674)
2025-11-28 00:16:22,102 [INFO] aiogram.dispatcher: Connection established (tryings = 2, bot id = 8432313674)
2025-11-28 00:41:38,554 [ERROR] aiogram.dispatcher: Failed to fetch updates - TelegramNetworkError: HTTP Client says - ClientOSError: [WinError 121] Превышен таймаут семафора
2025-11-28 00:41:38,555 [WARNING] aiogram.dispatcher: Sleep for 1.000000 seconds and try again... (tryings = 0, bot id = 8432313674)
2025-11-28 00:41:49,700 [INFO] aiogram.dispatcher: Connection established (tryings = 1, bot id = 8432313674)
2025-11-28 22:44:54,797 [INFO] aiogram.event: Update id=444205416 is handled. Duration 224 ms by bot id=8432313674
2025-11-29 00:15:01,194 [ERROR] aiogram.dispatcher: Failed to fetch updates - TelegramNetworkError: HTTP Client says - ClientOSError: [WinError 121] Превышен таймаут семафора
2025-11-29 00:15:01,195 [WARNING] aiogram.dispatcher: Sleep for 1.000000 seconds and try again... (tryings = 0, bot id = 8432313674)
2025-11-29 00:15:12,356 [INFO] aiogram.dispatcher: Connection established (tryings = 1, bot id = 8432313674)
2025-11-29 23:21:11,991 [ERROR] aiogram.dispatcher: Failed to fetch updates - TelegramNetworkError: HTTP Client says - ClientOSError: [WinError 121] Превышен таймаут семафора
2025-11-29 23:21:11,992 [WARNING] aiogram.dispatcher: Sleep for 1.000000 seconds and try again... (tryings = 0, bot id = 8432313674)
2025-11-29 23:21:23,183 [INFO] aiogram.dispatcher: Connection established (tryings = 1, bot id = 8432313674)
2025-12-01 04:10:40,829 [ERROR] aiogram.dispatcher: Failed to fetch updates - TelegramServerError: Telegram server says - Bad Gateway
2025-12-01 04:10:40,830 [WARNING] aiogram.dispatcher: Sleep for 1.000000 seconds and try again... (tryings = 0, bot id = 8432313674)
2025-12-01 04:10:41,884 [ERROR] aiogram.dispatcher: Failed to fetch updates - TelegramServerError: Telegram server says - Bad Gateway
2025-12-01 04:10:41,884 [WARNING] aiogram.dispatcher: Sleep for 1.237856 seconds and try again... (tryings = 1, bot id = 8432313674)
2025-12-01 04:10:43,180 [ERROR] aiogram.dispatcher: Failed to fetch updates - TelegramServerError: Telegram server says - Bad Gateway
2025-12-01 04:10:43,180 [WARNING] aiogram.dispatcher: Sleep for 1.508750 seconds and try again... (tryings = 2, bot id = 8432313674)
2025-12-01 04:10:44,742 [ERROR] aiogram.dispatcher: Failed to fetch updates - TelegramServerError: Telegram server says - Bad Gateway
2025-12-01 04:10:44,743 [WARNING] aiogram.dispatcher: Sleep for 2.032311 seconds and try again... (tryings = 3, bot id = 8432313674)
2025-12-01 04:11:10,884 [INFO] aiogram.dispatcher: Connection established (tryings = 4, bot id = 8432313674)
2025-12-01 05:30:00,184 [ERROR] root: Failed to send reminder to 440597082: Telegram server says - Forbidden: bot was blocked by the user
Traceback (most recent call last):
  File "C:\BOT\race_event_bot_v0.13\scheduler\reminders.py", line 171, in _send_message
    await self.bot.send_message(int(user_id), text, parse_mode="HTML", disable_web_page_preview=False)
  File "C:\Users\Administrator\AppData\Local\Programs\Python\Python313\Lib\site-packages\aiogram\client\bot.py", line 2925, in send_message
    return await self(call, request_timeout=request_timeout)
           ^^^^^^^^^^^^^^^^^^^^^^^^^^^^^^^^^^^^^^^^^^^^^^^^^
  File "C:\Users\Administrator\AppData\Local\Programs\Python\Python313\Lib\site-packages\aiogram\client\bot.py", line 485, in __call__
    return await self.session(self, method, timeout=request_timeout)
           ^^^^^^^^^^^^^^^^^^^^^^^^^^^^^^^^^^^^^^^^^^^^^^^^^^^^^^^^^
  File "C:\Users\Administrator\AppData\Local\Programs\Python\Python313\Lib\site-packages\aiogram\client\session\base.py", line 254, in __call__
    return cast(TelegramType, await middleware(bot, method))
                              ^^^^^^^^^^^^^^^^^^^^^^^^^^^^^
  File "C:\Users\Administrator\AppData\Local\Programs\Python\Python313\Lib\site-packages\aiogram\client\session\aiohttp.py", line 185, in make_request
    response = self.check_response(
        bot=bot, method=method, status_code=resp.status, content=raw_result
    )
  File "C:\Users\Administrator\AppData\Local\Programs\Python\Python313\Lib\site-packages\aiogram\client\session\base.py", line 128, in check_response
    raise TelegramForbiddenError(method=method, message=description)
aiogram.exceptions.TelegramForbiddenError: Telegram server says - Forbidden: bot was blocked by the user
2025-12-01 05:30:00,312 [INFO] root: Sent reminder to 259810935
2025-12-01 20:13:55,245 [ERROR] aiogram.dispatcher: Failed to fetch updates - TelegramNetworkError: HTTP Client says - ServerDisconnectedError: Server disconnected
2025-12-01 20:13:55,245 [WARNING] aiogram.dispatcher: Sleep for 1.000000 seconds and try again... (tryings = 0, bot id = 8432313674)
2025-12-01 20:14:06,414 [INFO] aiogram.dispatcher: Connection established (tryings = 1, bot id = 8432313674)
2025-12-01 20:27:00,532 [ERROR] aiogram.dispatcher: Failed to fetch updates - TelegramNetworkError: HTTP Client says - ServerDisconnectedError: Server disconnected
2025-12-01 20:27:00,533 [WARNING] aiogram.dispatcher: Sleep for 1.000000 seconds and try again... (tryings = 0, bot id = 8432313674)
2025-12-01 20:27:11,686 [INFO] aiogram.dispatcher: Connection established (tryings = 1, bot id = 8432313674)
2025-12-01 20:41:05,712 [ERROR] aiogram.dispatcher: Failed to fetch updates - TelegramNetworkError: HTTP Client says - ServerDisconnectedError: Server disconnected
2025-12-01 20:41:05,712 [WARNING] aiogram.dispatcher: Sleep for 1.000000 seconds and try again... (tryings = 0, bot id = 8432313674)
2025-12-01 20:41:16,884 [INFO] aiogram.dispatcher: Connection established (tryings = 1, bot id = 8432313674)
2025-12-03 11:30:00,149 [ERROR] root: Failed to send reminder to 440597082: Telegram server says - Forbidden: bot was blocked by the user
Traceback (most recent call last):
  File "C:\BOT\race_event_bot_v0.13\scheduler\reminders.py", line 171, in _send_message
    await self.bot.send_message(int(user_id), text, parse_mode="HTML", disable_web_page_preview=False)
  File "C:\Users\Administrator\AppData\Local\Programs\Python\Python313\Lib\site-packages\aiogram\client\bot.py", line 2925, in send_message
    return await self(call, request_timeout=request_timeout)
           ^^^^^^^^^^^^^^^^^^^^^^^^^^^^^^^^^^^^^^^^^^^^^^^^^
  File "C:\Users\Administrator\AppData\Local\Programs\Python\Python313\Lib\site-packages\aiogram\client\bot.py", line 485, in __call__
    return await self.session(self, method, timeout=request_timeout)
           ^^^^^^^^^^^^^^^^^^^^^^^^^^^^^^^^^^^^^^^^^^^^^^^^^^^^^^^^^
  File "C:\Users\Administrator\AppData\Local\Programs\Python\Python313\Lib\site-packages\aiogram\client\session\base.py", line 254, in __call__
    return cast(TelegramType, await middleware(bot, method))
                              ^^^^^^^^^^^^^^^^^^^^^^^^^^^^^
  File "C:\Users\Administrator\AppData\Local\Programs\Python\Python313\Lib\site-packages\aiogram\client\session\aiohttp.py", line 185, in make_request
    response = self.check_response(
        bot=bot, method=method, status_code=resp.status, content=raw_result
    )
  File "C:\Users\Administrator\AppData\Local\Programs\Python\Python313\Lib\site-packages\aiogram\client\session\base.py", line 128, in check_response
    raise TelegramForbiddenError(method=method, message=description)
aiogram.exceptions.TelegramForbiddenError: Telegram server says - Forbidden: bot was blocked by the user
2025-12-03 11:30:00,285 [INFO] root: Sent reminder to 259810935
2025-12-04 02:47:51,752 [INFO] root: 🆕 Новый пользователь: 2142967150 (unknown)
2025-12-04 02:47:51,934 [INFO] aiogram.event: Update id=444205417 is handled. Duration 183 ms by bot id=8432313674
2025-12-05 14:30:00,176 [ERROR] root: Failed to send reminder to 440597082: Telegram server says - Forbidden: bot was blocked by the user
Traceback (most recent call last):
  File "C:\BOT\race_event_bot_v0.13\scheduler\reminders.py", line 171, in _send_message
    await self.bot.send_message(int(user_id), text, parse_mode="HTML", disable_web_page_preview=False)
  File "C:\Users\Administrator\AppData\Local\Programs\Python\Python313\Lib\site-packages\aiogram\client\bot.py", line 2925, in send_message
    return await self(call, request_timeout=request_timeout)
           ^^^^^^^^^^^^^^^^^^^^^^^^^^^^^^^^^^^^^^^^^^^^^^^^^
  File "C:\Users\Administrator\AppData\Local\Programs\Python\Python313\Lib\site-packages\aiogram\client\bot.py", line 485, in __call__
    return await self.session(self, method, timeout=request_timeout)
           ^^^^^^^^^^^^^^^^^^^^^^^^^^^^^^^^^^^^^^^^^^^^^^^^^^^^^^^^^
  File "C:\Users\Administrator\AppData\Local\Programs\Python\Python313\Lib\site-packages\aiogram\client\session\base.py", line 254, in __call__
    return cast(TelegramType, await middleware(bot, method))
                              ^^^^^^^^^^^^^^^^^^^^^^^^^^^^^
  File "C:\Users\Administrator\AppData\Local\Programs\Python\Python313\Lib\site-packages\aiogram\client\session\aiohttp.py", line 185, in make_request
    response = self.check_response(
        bot=bot, method=method, status_code=resp.status, content=raw_result
    )
  File "C:\Users\Administrator\AppData\Local\Programs\Python\Python313\Lib\site-packages\aiogram\client\session\base.py", line 128, in check_response
    raise TelegramForbiddenError(method=method, message=description)
aiogram.exceptions.TelegramForbiddenError: Telegram server says - Forbidden: bot was blocked by the user
2025-12-05 14:30:00,499 [INFO] root: Sent reminder to 259810935
2025-12-06 15:15:00,178 [ERROR] root: Failed to send reminder to 440597082: Telegram server says - Forbidden: bot was blocked by the user
Traceback (most recent call last):
  File "C:\BOT\race_event_bot_v0.13\scheduler\reminders.py", line 171, in _send_message
    await self.bot.send_message(int(user_id), text, parse_mode="HTML", disable_web_page_preview=False)
  File "C:\Users\Administrator\AppData\Local\Programs\Python\Python313\Lib\site-packages\aiogram\client\bot.py", line 2925, in send_message
    return await self(call, request_timeout=request_timeout)
           ^^^^^^^^^^^^^^^^^^^^^^^^^^^^^^^^^^^^^^^^^^^^^^^^^
  File "C:\Users\Administrator\AppData\Local\Programs\Python\Python313\Lib\site-packages\aiogram\client\bot.py", line 485, in __call__
    return await self.session(self, method, timeout=request_timeout)
           ^^^^^^^^^^^^^^^^^^^^^^^^^^^^^^^^^^^^^^^^^^^^^^^^^^^^^^^^^
  File "C:\Users\Administrator\AppData\Local\Programs\Python\Python313\Lib\site-packages\aiogram\client\session\base.py", line 254, in __call__
    return cast(TelegramType, await middleware(bot, method))
                              ^^^^^^^^^^^^^^^^^^^^^^^^^^^^^
  File "C:\Users\Administrator\AppData\Local\Programs\Python\Python313\Lib\site-packages\aiogram\client\session\aiohttp.py", line 185, in make_request
    response = self.check_response(
        bot=bot, method=method, status_code=resp.status, content=raw_result
    )
  File "C:\Users\Administrator\AppData\Local\Programs\Python\Python313\Lib\site-packages\aiogram\client\session\base.py", line 128, in check_response
    raise TelegramForbiddenError(method=method, message=description)
aiogram.exceptions.TelegramForbiddenError: Telegram server says - Forbidden: bot was blocked by the user
2025-12-06 15:15:00,269 [INFO] root: Sent reminder to 259810935
2025-12-08 11:28:09,335 [ERROR] aiogram.dispatcher: Failed to fetch updates - TelegramNetworkError: HTTP Client says - ClientOSError: [WinError 121] Превышен таймаут семафора
2025-12-08 11:28:09,336 [WARNING] aiogram.dispatcher: Sleep for 1.000000 seconds and try again... (tryings = 0, bot id = 8432313674)
2025-12-08 11:28:31,402 [ERROR] aiogram.dispatcher: Failed to fetch updates - TelegramNetworkError: HTTP Client says - ClientConnectorError: Cannot connect to host api.telegram.org:443 ssl:default [Превышен таймаут семафора]
2025-12-08 11:28:31,403 [WARNING] aiogram.dispatcher: Sleep for 1.152036 seconds and try again... (tryings = 1, bot id = 8432313674)
2025-12-08 11:28:53,585 [ERROR] aiogram.dispatcher: Failed to fetch updates - TelegramNetworkError: HTTP Client says - ClientConnectorError: Cannot connect to host api.telegram.org:443 ssl:default [Превышен таймаут семафора]
2025-12-08 11:28:53,585 [WARNING] aiogram.dispatcher: Sleep for 1.468401 seconds and try again... (tryings = 2, bot id = 8432313674)
2025-12-08 11:29:16,116 [ERROR] aiogram.dispatcher: Failed to fetch updates - TelegramNetworkError: HTTP Client says - ClientConnectorError: Cannot connect to host api.telegram.org:443 ssl:default [Превышен таймаут семафора]
2025-12-08 11:29:16,117 [WARNING] aiogram.dispatcher: Sleep for 1.889298 seconds and try again... (tryings = 3, bot id = 8432313674)
2025-12-08 11:29:28,119 [INFO] aiogram.dispatcher: Connection established (tryings = 4, bot id = 8432313674)
2025-12-08 11:31:58,740 [ERROR] aiogram.dispatcher: Failed to fetch updates - TelegramNetworkError: HTTP Client says - ClientOSError: [WinError 64] Указанное сетевое имя более недоступно
2025-12-08 11:31:58,741 [WARNING] aiogram.dispatcher: Sleep for 1.000000 seconds and try again... (tryings = 0, bot id = 8432313674)
2025-12-08 11:32:10,917 [INFO] aiogram.dispatcher: Connection established (tryings = 1, bot id = 8432313674)
2025-12-08 17:55:40,600 [ERROR] aiogram.dispatcher: Failed to fetch updates - TelegramNetworkError: HTTP Client says - ClientOSError: [WinError 121] Превышен таймаут семафора
2025-12-08 17:55:40,601 [WARNING] aiogram.dispatcher: Sleep for 1.000000 seconds and try again... (tryings = 0, bot id = 8432313674)
2025-12-08 17:56:02,678 [ERROR] aiogram.dispatcher: Failed to fetch updates - TelegramNetworkError: HTTP Client says - ClientConnectorError: Cannot connect to host api.telegram.org:443 ssl:default [Превышен таймаут семафора]
2025-12-08 17:56:02,679 [WARNING] aiogram.dispatcher: Sleep for 1.413133 seconds and try again... (tryings = 1, bot id = 8432313674)
2025-12-08 17:56:25,147 [ERROR] aiogram.dispatcher: Failed to fetch updates - TelegramNetworkError: HTTP Client says - ClientConnectorError: Cannot connect to host api.telegram.org:443 ssl:default [Превышен таймаут семафора]
2025-12-08 17:56:25,148 [WARNING] aiogram.dispatcher: Sleep for 1.855390 seconds and try again... (tryings = 2, bot id = 8432313674)
2025-12-08 17:56:48,070 [ERROR] aiogram.dispatcher: Failed to fetch updates - TelegramNetworkError: HTTP Client says - ClientConnectorError: Cannot connect to host api.telegram.org:443 ssl:default [Превышен таймаут семафора]
2025-12-08 17:56:48,070 [WARNING] aiogram.dispatcher: Sleep for 2.592046 seconds and try again... (tryings = 3, bot id = 8432313674)
2025-12-08 17:57:11,710 [ERROR] aiogram.dispatcher: Failed to fetch updates - TelegramNetworkError: HTTP Client says - ClientConnectorError: Cannot connect to host api.telegram.org:443 ssl:default [Превышен таймаут семафора]
2025-12-08 17:57:11,711 [WARNING] aiogram.dispatcher: Sleep for 3.517040 seconds and try again... (tryings = 4, bot id = 8432313674)
2025-12-08 17:57:27,584 [INFO] aiogram.dispatcher: Connection established (tryings = 5, bot id = 8432313674)
2025-12-08 17:58:38,354 [ERROR] aiogram.dispatcher: Failed to fetch updates - TelegramNetworkError: HTTP Client says - Request timeout error
2025-12-08 17:58:38,355 [WARNING] aiogram.dispatcher: Sleep for 1.000000 seconds and try again... (tryings = 0, bot id = 8432313674)
2025-12-08 17:59:00,413 [ERROR] aiogram.dispatcher: Failed to fetch updates - TelegramNetworkError: HTTP Client says - ClientConnectorError: Cannot connect to host api.telegram.org:443 ssl:default [Превышен таймаут семафора]
2025-12-08 17:59:00,413 [WARNING] aiogram.dispatcher: Sleep for 1.179364 seconds and try again... (tryings = 1, bot id = 8432313674)
2025-12-08 17:59:22,663 [ERROR] aiogram.dispatcher: Failed to fetch updates - TelegramNetworkError: HTTP Client says - ClientConnectorError: Cannot connect to host api.telegram.org:443 ssl:default [Превышен таймаут семафора]
2025-12-08 17:59:22,664 [WARNING] aiogram.dispatcher: Sleep for 1.446469 seconds and try again... (tryings = 2, bot id = 8432313674)
2025-12-08 17:59:35,354 [INFO] aiogram.dispatcher: Connection established (tryings = 3, bot id = 8432313674)
2025-12-08 17:59:54,569 [ERROR] aiogram.dispatcher: Failed to fetch updates - TelegramNetworkError: HTTP Client says - ClientOSError: [WinError 121] Превышен таймаут семафора
2025-12-08 17:59:54,570 [WARNING] aiogram.dispatcher: Sleep for 1.000000 seconds and try again... (tryings = 0, bot id = 8432313674)
2025-12-08 18:00:05,729 [INFO] aiogram.dispatcher: Connection established (tryings = 1, bot id = 8432313674)
2025-12-08 18:01:26,430 [ERROR] aiogram.dispatcher: Failed to fetch updates - TelegramNetworkError: HTTP Client says - ClientOSError: [WinError 64] Указанное сетевое имя более недоступно
2025-12-08 18:01:26,431 [WARNING] aiogram.dispatcher: Sleep for 1.000000 seconds and try again... (tryings = 0, bot id = 8432313674)
2025-12-08 18:01:37,560 [INFO] aiogram.dispatcher: Connection established (tryings = 1, bot id = 8432313674)
2025-12-08 18:03:58,239 [ERROR] aiogram.dispatcher: Failed to fetch updates - TelegramNetworkError: HTTP Client says - ClientOSError: [WinError 64] Указанное сетевое имя более недоступно
2025-12-08 18:03:58,241 [WARNING] aiogram.dispatcher: Sleep for 1.000000 seconds and try again... (tryings = 0, bot id = 8432313674)
2025-12-08 18:04:09,402 [INFO] aiogram.dispatcher: Connection established (tryings = 1, bot id = 8432313674)
2025-12-08 18:06:09,131 [ERROR] aiogram.dispatcher: Failed to fetch updates - TelegramNetworkError: HTTP Client says - ClientOSError: [WinError 121] Превышен таймаут семафора
2025-12-08 18:06:09,132 [WARNING] aiogram.dispatcher: Sleep for 1.000000 seconds and try again... (tryings = 0, bot id = 8432313674)
2025-12-08 18:06:31,194 [ERROR] aiogram.dispatcher: Failed to fetch updates - TelegramNetworkError: HTTP Client says - ClientConnectorError: Cannot connect to host api.telegram.org:443 ssl:default [Превышен таймаут семафора]
2025-12-08 18:06:31,195 [WARNING] aiogram.dispatcher: Sleep for 1.246417 seconds and try again... (tryings = 1, bot id = 8432313674)
2025-12-08 18:06:57,606 [INFO] aiogram.dispatcher: Connection established (tryings = 2, bot id = 8432313674)
2025-12-09 22:50:12,874 [ERROR] aiogram.dispatcher: Failed to fetch updates - TelegramNetworkError: HTTP Client says - ServerDisconnectedError: Server disconnected
2025-12-09 22:50:12,874 [WARNING] aiogram.dispatcher: Sleep for 1.000000 seconds and try again... (tryings = 0, bot id = 8432313674)
2025-12-09 22:50:24,021 [INFO] aiogram.dispatcher: Connection established (tryings = 1, bot id = 8432313674)
2025-12-12 12:20:55,356 [ERROR] aiogram.dispatcher: Failed to fetch updates - TelegramNetworkError: HTTP Client says - ClientOSError: [WinError 121] Превышен таймаут семафора
2025-12-12 12:20:55,357 [WARNING] aiogram.dispatcher: Sleep for 1.000000 seconds and try again... (tryings = 0, bot id = 8432313674)
2025-12-12 12:21:06,509 [INFO] aiogram.dispatcher: Connection established (tryings = 1, bot id = 8432313674)
2025-12-12 21:56:25,945 [INFO] aiogram.event: Update id=444205418 is handled. Duration 217 ms by bot id=8432313674
2025-12-14 15:28:12,577 [INFO] aiogram.event: Update id=444205419 is handled. Duration 206 ms by bot id=8432313674
2025-12-14 15:32:30,513 [INFO] aiogram.event: Update id=444205420 is handled. Duration 91 ms by bot id=8432313674
2025-12-14 17:18:50,624 [INFO] aiogram.event: Update id=444205421 is handled. Duration 191 ms by bot id=8432313674
2025-12-14 17:19:18,020 [INFO] aiogram.event: Update id=444205422 is handled. Duration 208 ms by bot id=8432313674
2025-12-14 17:19:20,555 [INFO] aiogram.event: Update id=444205423 is handled. Duration 496 ms by bot id=8432313674
2025-12-14 17:19:32,282 [INFO] aiogram.event: Update id=444205424 is handled. Duration 876 ms by bot id=8432313674
2025-12-14 17:19:36,925 [INFO] aiogram.event: Update id=444205425 is handled. Duration 148 ms by bot id=8432313674
2025-12-15 05:30:00,177 [ERROR] root: Failed to send reminder to 440597082: Telegram server says - Forbidden: bot was blocked by the user
Traceback (most recent call last):
  File "C:\BOT\race_event_bot_v0.13\scheduler\reminders.py", line 171, in _send_message
    await self.bot.send_message(int(user_id), text, parse_mode="HTML", disable_web_page_preview=False)
  File "C:\Users\Administrator\AppData\Local\Programs\Python\Python313\Lib\site-packages\aiogram\client\bot.py", line 2925, in send_message
    return await self(call, request_timeout=request_timeout)
           ^^^^^^^^^^^^^^^^^^^^^^^^^^^^^^^^^^^^^^^^^^^^^^^^^
  File "C:\Users\Administrator\AppData\Local\Programs\Python\Python313\Lib\site-packages\aiogram\client\bot.py", line 485, in __call__
    return await self.session(self, method, timeout=request_timeout)
           ^^^^^^^^^^^^^^^^^^^^^^^^^^^^^^^^^^^^^^^^^^^^^^^^^^^^^^^^^
  File "C:\Users\Administrator\AppData\Local\Programs\Python\Python313\Lib\site-packages\aiogram\client\session\base.py", line 254, in __call__
    return cast(TelegramType, await middleware(bot, method))
                              ^^^^^^^^^^^^^^^^^^^^^^^^^^^^^
  File "C:\Users\Administrator\AppData\Local\Programs\Python\Python313\Lib\site-packages\aiogram\client\session\aiohttp.py", line 185, in make_request
    response = self.check_response(
        bot=bot, method=method, status_code=resp.status, content=raw_result
    )
  File "C:\Users\Administrator\AppData\Local\Programs\Python\Python313\Lib\site-packages\aiogram\client\session\base.py", line 128, in check_response
    raise TelegramForbiddenError(method=method, message=description)
aiogram.exceptions.TelegramForbiddenError: Telegram server says - Forbidden: bot was blocked by the user
2025-12-15 05:30:00,294 [INFO] root: Sent reminder to 259810935
2025-12-15 14:42:00,608 [ERROR] aiogram.dispatcher: Failed to fetch updates - TelegramNetworkError: HTTP Client says - ClientOSError: [WinError 121] Превышен таймаут семафора
2025-12-15 14:42:00,610 [WARNING] aiogram.dispatcher: Sleep for 1.000000 seconds and try again... (tryings = 0, bot id = 8432313674)
2025-12-15 14:42:11,781 [INFO] aiogram.dispatcher: Connection established (tryings = 1, bot id = 8432313674)
2025-12-16 09:36:16,791 [ERROR] aiogram.dispatcher: Failed to fetch updates - TelegramNetworkError: HTTP Client says - ClientOSError: [WinError 121] Превышен таймаут семафора
2025-12-16 09:36:16,792 [WARNING] aiogram.dispatcher: Sleep for 1.000000 seconds and try again... (tryings = 0, bot id = 8432313674)
2025-12-16 09:36:27,944 [INFO] aiogram.dispatcher: Connection established (tryings = 1, bot id = 8432313674)
2025-12-17 02:24:54,369 [ERROR] aiogram.dispatcher: Failed to fetch updates - TelegramNetworkError: HTTP Client says - ClientOSError: [WinError 121] Превышен таймаут семафора
2025-12-17 02:24:54,369 [WARNING] aiogram.dispatcher: Sleep for 1.000000 seconds and try again... (tryings = 0, bot id = 8432313674)
2025-12-17 02:25:05,535 [INFO] aiogram.dispatcher: Connection established (tryings = 1, bot id = 8432313674)
2025-12-17 11:30:00,271 [ERROR] root: Failed to send reminder to 440597082: Telegram server says - Forbidden: bot was blocked by the user
Traceback (most recent call last):
  File "C:\BOT\race_event_bot_v0.13\scheduler\reminders.py", line 171, in _send_message
    await self.bot.send_message(int(user_id), text, parse_mode="HTML", disable_web_page_preview=False)
  File "C:\Users\Administrator\AppData\Local\Programs\Python\Python313\Lib\site-packages\aiogram\client\bot.py", line 2925, in send_message
    return await self(call, request_timeout=request_timeout)
           ^^^^^^^^^^^^^^^^^^^^^^^^^^^^^^^^^^^^^^^^^^^^^^^^^
  File "C:\Users\Administrator\AppData\Local\Programs\Python\Python313\Lib\site-packages\aiogram\client\bot.py", line 485, in __call__
    return await self.session(self, method, timeout=request_timeout)
           ^^^^^^^^^^^^^^^^^^^^^^^^^^^^^^^^^^^^^^^^^^^^^^^^^^^^^^^^^
  File "C:\Users\Administrator\AppData\Local\Programs\Python\Python313\Lib\site-packages\aiogram\client\session\base.py", line 254, in __call__
    return cast(TelegramType, await middleware(bot, method))
                              ^^^^^^^^^^^^^^^^^^^^^^^^^^^^^
  File "C:\Users\Administrator\AppData\Local\Programs\Python\Python313\Lib\site-packages\aiogram\client\session\aiohttp.py", line 185, in make_request
    response = self.check_response(
        bot=bot, method=method, status_code=resp.status, content=raw_result
    )
  File "C:\Users\Administrator\AppData\Local\Programs\Python\Python313\Lib\site-packages\aiogram\client\session\base.py", line 128, in check_response
    raise TelegramForbiddenError(method=method, message=description)
aiogram.exceptions.TelegramForbiddenError: Telegram server says - Forbidden: bot was blocked by the user
2025-12-17 11:30:00,474 [INFO] root: Sent reminder to 259810935
2025-12-19 14:30:00,171 [ERROR] root: Failed to send reminder to 440597082: Telegram server says - Forbidden: bot was blocked by the user
Traceback (most recent call last):
  File "C:\BOT\race_event_bot_v0.13\scheduler\reminders.py", line 171, in _send_message
    await self.bot.send_message(int(user_id), text, parse_mode="HTML", disable_web_page_preview=False)
  File "C:\Users\Administrator\AppData\Local\Programs\Python\Python313\Lib\site-packages\aiogram\client\bot.py", line 2925, in send_message
    return await self(call, request_timeout=request_timeout)
           ^^^^^^^^^^^^^^^^^^^^^^^^^^^^^^^^^^^^^^^^^^^^^^^^^
  File "C:\Users\Administrator\AppData\Local\Programs\Python\Python313\Lib\site-packages\aiogram\client\bot.py", line 485, in __call__
    return await self.session(self, method, timeout=request_timeout)
           ^^^^^^^^^^^^^^^^^^^^^^^^^^^^^^^^^^^^^^^^^^^^^^^^^^^^^^^^^
  File "C:\Users\Administrator\AppData\Local\Programs\Python\Python313\Lib\site-packages\aiogram\client\session\base.py", line 254, in __call__
    return cast(TelegramType, await middleware(bot, method))
                              ^^^^^^^^^^^^^^^^^^^^^^^^^^^^^
  File "C:\Users\Administrator\AppData\Local\Programs\Python\Python313\Lib\site-packages\aiogram\client\session\aiohttp.py", line 185, in make_request
    response = self.check_response(
        bot=bot, method=method, status_code=resp.status, content=raw_result
    )
  File "C:\Users\Administrator\AppData\Local\Programs\Python\Python313\Lib\site-packages\aiogram\client\session\base.py", line 128, in check_response
    raise TelegramForbiddenError(method=method, message=description)
aiogram.exceptions.TelegramForbiddenError: Telegram server says - Forbidden: bot was blocked by the user
2025-12-19 14:30:00,315 [INFO] root: Sent reminder to 259810935
2025-12-20 15:15:00,175 [ERROR] root: Failed to send reminder to 440597082: Telegram server says - Forbidden: bot was blocked by the user
Traceback (most recent call last):
  File "C:\BOT\race_event_bot_v0.13\scheduler\reminders.py", line 171, in _send_message
    await self.bot.send_message(int(user_id), text, parse_mode="HTML", disable_web_page_preview=False)
  File "C:\Users\Administrator\AppData\Local\Programs\Python\Python313\Lib\site-packages\aiogram\client\bot.py", line 2925, in send_message
    return await self(call, request_timeout=request_timeout)
           ^^^^^^^^^^^^^^^^^^^^^^^^^^^^^^^^^^^^^^^^^^^^^^^^^
  File "C:\Users\Administrator\AppData\Local\Programs\Python\Python313\Lib\site-packages\aiogram\client\bot.py", line 485, in __call__
    return await self.session(self, method, timeout=request_timeout)
           ^^^^^^^^^^^^^^^^^^^^^^^^^^^^^^^^^^^^^^^^^^^^^^^^^^^^^^^^^
  File "C:\Users\Administrator\AppData\Local\Programs\Python\Python313\Lib\site-packages\aiogram\client\session\base.py", line 254, in __call__
    return cast(TelegramType, await middleware(bot, method))
                              ^^^^^^^^^^^^^^^^^^^^^^^^^^^^^
  File "C:\Users\Administrator\AppData\Local\Programs\Python\Python313\Lib\site-packages\aiogram\client\session\aiohttp.py", line 185, in make_request
    response = self.check_response(
        bot=bot, method=method, status_code=resp.status, content=raw_result
    )
  File "C:\Users\Administrator\AppData\Local\Programs\Python\Python313\Lib\site-packages\aiogram\client\session\base.py", line 128, in check_response
    raise TelegramForbiddenError(method=method, message=description)
aiogram.exceptions.TelegramForbiddenError: Telegram server says - Forbidden: bot was blocked by the user
2025-12-20 15:15:00,310 [INFO] root: Sent reminder to 259810935
2025-12-26 12:16:18,367 [ERROR] aiogram.dispatcher: Failed to fetch updates - TelegramNetworkError: HTTP Client says - ClientConnectorError: Cannot connect to host api.telegram.org:443 ssl:default [Превышен таймаут семафора]
2025-12-26 12:16:18,369 [WARNING] aiogram.dispatcher: Sleep for 1.000000 seconds and try again... (tryings = 0, bot id = 8432313674)
2025-12-26 12:16:32,377 [INFO] aiogram.dispatcher: Connection established (tryings = 1, bot id = 8432313674)
