2025-11-06 23:55:05,850 [INFO] __main__: 🚀 Логирование инициализировано
2025-11-06 23:55:05,852 [DEBUG] asyncio: Using proactor: IocpProactor
2025-11-06 23:55:05,861 [INFO] root: 🚀 Запуск Race Event Bot...
2025-11-06 23:55:06,681 [WARNING] __main__: ⚙️ Проверка записи в лог
2025-11-06 23:55:06,682 [ERROR] root: 🔥 Ошибка-тест
2025-11-06 23:55:06,683 [INFO] aiogram.dispatcher: Start polling
2025-11-06 23:55:06,751 [INFO] aiogram.dispatcher: Run polling for bot @raceevent_bot id=8432313674 - 'Race Event'
2025-11-06 23:55:21,677 [INFO] root: 🆕 Новый пользователь: 259810935 (a_sorich)
2025-11-06 23:55:21,732 [INFO] aiogram.event: Update id=444204830 is not handled. Duration 57 ms by bot id=8432313674
2025-11-06 23:55:21,732 [ERROR] aiogram.event: Cause exception while process update id=444204830 by bot id=8432313674
AttributeError: 'Router' object has no attribute '_resolve_event'
Traceback (most recent call last):
  File "C:\Users\Administrator\AppData\Local\Programs\Python\Python313\Lib\site-packages\aiogram\dispatcher\dispatcher.py", line 309, in _process_update
    response = await self.feed_update(bot, update, **kwargs)
               ^^^^^^^^^^^^^^^^^^^^^^^^^^^^^^^^^^^^^^^^^^^^^
  File "C:\Users\Administrator\AppData\Local\Programs\Python\Python313\Lib\site-packages\aiogram\dispatcher\dispatcher.py", line 158, in feed_update
    response = await self.update.wrap_outer_middleware(
               ^^^^^^^^^^^^^^^^^^^^^^^^^^^^^^^^^^^^^^^^
    ...<7 lines>...
    )
    ^
  File "C:\Users\Administrator\AppData\Local\Programs\Python\Python313\Lib\site-packages\aiogram\dispatcher\middlewares\error.py", line 25, in __call__
    return await handler(event, data)
           ^^^^^^^^^^^^^^^^^^^^^^^^^^
  File "C:\Users\Administrator\AppData\Local\Programs\Python\Python313\Lib\site-packages\aiogram\dispatcher\middlewares\user_context.py", line 56, in __call__
    return await handler(event, data)
           ^^^^^^^^^^^^^^^^^^^^^^^^^^
  File "C:\Users\Administrator\AppData\Local\Programs\Python\Python313\Lib\site-packages\aiogram\fsm\middleware.py", line 42, in __call__
    return await handler(event, data)
           ^^^^^^^^^^^^^^^^^^^^^^^^^^
  File "C:\Users\Administrator\AppData\Local\Programs\Python\Python313\Lib\site-packages\aiogram\dispatcher\event\telegram.py", line 121, in trigger
    return await wrapped_inner(event, kwargs)
           ^^^^^^^^^^^^^^^^^^^^^^^^^^^^^^^^^^
  File "C:\Users\Administrator\AppData\Local\Programs\Python\Python313\Lib\site-packages\aiogram\dispatcher\event\handler.py", line 43, in call
    return await wrapped()
           ^^^^^^^^^^^^^^^
  File "C:\Users\Administrator\AppData\Local\Programs\Python\Python313\Lib\site-packages\aiogram\dispatcher\dispatcher.py", line 276, in _listen_update
    return await self.propagate_event(update_type=update_type, event=event, **kwargs)
           ^^^^^^^^^^^^^^^^^^^^^^^^^^^^^^^^^^^^^^^^^^^^^^^^^^^^^^^^^^^^^^^^^^^^^^^^^^
  File "C:\Users\Administrator\AppData\Local\Programs\Python\Python313\Lib\site-packages\aiogram\dispatcher\router.py", line 146, in propagate_event
    return await observer.wrap_outer_middleware(_wrapped, event=event, data=kwargs)
           ^^^^^^^^^^^^^^^^^^^^^^^^^^^^^^^^^^^^^^^^^^^^^^^^^^^^^^^^^^^^^^^^^^^^^^^^
  File "C:\Users\Administrator\AppData\Local\Programs\Python\Python313\Lib\site-packages\aiogram\dispatcher\router.py", line 141, in _wrapped
    return await self._propagate_event(
           ^^^^^^^^^^^^^^^^^^^^^^^^^^^^
        observer=observer, update_type=update_type, event=telegram_event, **data
        ^^^^^^^^^^^^^^^^^^^^^^^^^^^^^^^^^^^^^^^^^^^^^^^^^^^^^^^^^^^^^^^^^^^^^^^^
    )
    ^
  File "C:\Users\Administrator\AppData\Local\Programs\Python\Python313\Lib\site-packages\aiogram\dispatcher\router.py", line 166, in _propagate_event
    response = await observer.trigger(event, **kwargs)
               ^^^^^^^^^^^^^^^^^^^^^^^^^^^^^^^^^^^^^^^
  File "C:\Users\Administrator\AppData\Local\Programs\Python\Python313\Lib\site-packages\aiogram\dispatcher\event\telegram.py", line 121, in trigger
    return await wrapped_inner(event, kwargs)
           ^^^^^^^^^^^^^^^^^^^^^^^^^^^^^^^^^^
  File "C:\Users\Administrator\AppData\Local\Programs\Python\Python313\Lib\site-packages\aiogram\dispatcher\event\handler.py", line 43, in call
    return await wrapped()
           ^^^^^^^^^^^^^^^
  File "C:\Users\Administrator\race_event_bot_v0.5_календарь МСК(3часа) + веб + меню+список юзеров\bot.py", line 79, in handle_start
    await start.router._resolve_event("message", message, bot=bot)
          ^^^^^^^^^^^^^^^^^^^^^^^^^^^
AttributeError: 'Router' object has no attribute '_resolve_event'
2025-11-06 23:56:47,771 [INFO] aiogram.dispatcher: Polling stopped
2025-11-06 23:56:47,773 [ERROR] aiogram.dispatcher: Failed to fetch updates - TelegramNetworkError: HTTP Client says - ServerDisconnectedError: Server disconnected
2025-11-06 23:56:47,774 [WARNING] aiogram.dispatcher: Sleep for 1.000000 seconds and try again... (tryings = 0, bot id = 8432313674)
2025-11-06 23:56:48,034 [INFO] aiogram.dispatcher: Polling stopped for bot @raceevent_bot id=8432313674 - 'Race Event'
2025-11-06 23:56:56,571 [INFO] __main__: 🚀 Логирование инициализировано
2025-11-06 23:56:56,598 [DEBUG] asyncio: Using proactor: IocpProactor
2025-11-06 23:56:56,601 [INFO] root: 🚀 Запуск Race Event Bot...
2025-11-06 23:56:57,226 [INFO] aiogram.dispatcher: Start polling
2025-11-06 23:56:57,293 [INFO] aiogram.dispatcher: Run polling for bot @raceevent_bot id=8432313674 - 'Race Event'
2025-11-06 23:56:59,451 [INFO] root: ✅ Повторный запуск: 259810935 (a_sorich)
2025-11-06 23:56:59,662 [INFO] aiogram.event: Update id=444204831 is handled. Duration 211 ms by bot id=8432313674
2025-11-06 23:57:02,591 [INFO] root: ✅ Повторный запуск: 259810935 (a_sorich)
2025-11-06 23:57:02,667 [INFO] aiogram.event: Update id=444204832 is handled. Duration 76 ms by bot id=8432313674
2025-11-06 23:57:07,178 [INFO] aiogram.event: Update id=444204833 is handled. Duration 293 ms by bot id=8432313674
2025-11-06 23:57:11,325 [INFO] root: ✅ Повторный запуск: 259810935 (a_sorich)
2025-11-06 23:57:11,400 [INFO] aiogram.event: Update id=444204834 is handled. Duration 75 ms by bot id=8432313674
2025-11-06 23:57:34,830 [INFO] root: ✅ Повторный запуск: 259810935 (a_sorich)
2025-11-06 23:57:34,930 [INFO] aiogram.event: Update id=444204835 is handled. Duration 100 ms by bot id=8432313674
2025-11-06 23:57:37,662 [INFO] aiogram.event: Update id=444204836 is handled. Duration 294 ms by bot id=8432313674
2025-11-06 23:58:15,003 [INFO] aiogram.event: Update id=444204837 is handled. Duration 252 ms by bot id=8432313674
2025-11-06 23:58:16,560 [INFO] aiogram.event: Update id=444204838 is handled. Duration 249 ms by bot id=8432313674
2025-11-06 23:58:18,610 [INFO] aiogram.event: Update id=444204839 is handled. Duration 131 ms by bot id=8432313674
2025-11-06 23:58:20,428 [INFO] aiogram.event: Update id=444204840 is handled. Duration 392 ms by bot id=8432313674
2025-11-06 23:58:21,578 [INFO] aiogram.event: Update id=444204841 is handled. Duration 55 ms by bot id=8432313674
2025-11-06 23:58:22,941 [INFO] aiogram.event: Update id=444204842 is handled. Duration 84 ms by bot id=8432313674
2025-11-06 23:58:24,100 [INFO] aiogram.event: Update id=444204843 is handled. Duration 123 ms by bot id=8432313674
2025-11-06 23:58:32,505 [INFO] aiogram.event: Update id=444204844 is handled. Duration 528 ms by bot id=8432313674
2025-11-06 23:59:48,143 [INFO] aiogram.dispatcher: Polling stopped
2025-11-06 23:59:48,145 [ERROR] aiogram.dispatcher: Failed to fetch updates - TelegramNetworkError: HTTP Client says - ServerDisconnectedError: Server disconnected
2025-11-06 23:59:48,146 [WARNING] aiogram.dispatcher: Sleep for 1.000000 seconds and try again... (tryings = 0, bot id = 8432313674)
2025-11-06 23:59:48,413 [INFO] aiogram.dispatcher: Polling stopped for bot @raceevent_bot id=8432313674 - 'Race Event'
2025-11-06 23:59:58,929 [INFO] __main__: 🚀 Логирование инициализировано
2025-11-06 23:59:58,931 [DEBUG] asyncio: Using proactor: IocpProactor
2025-11-06 23:59:58,933 [INFO] root: 🚀 Запуск Race Event Bot...
2025-11-06 23:59:59,655 [INFO] aiogram.dispatcher: Start polling
2025-11-06 23:59:59,713 [INFO] aiogram.dispatcher: Run polling for bot @raceevent_bot id=8432313674 - 'Race Event'
2025-11-07 00:00:02,958 [INFO] root: ✅ Повторный запуск: 259810935 (a_sorich)
2025-11-07 00:00:02,962 [INFO] aiogram.event: Update id=444204845 is handled. Duration 5 ms by bot id=8432313674
2025-11-07 00:00:06,862 [INFO] root: ✅ Повторный запуск: 259810935 (a_sorich)
2025-11-07 00:00:06,870 [INFO] aiogram.event: Update id=444204846 is handled. Duration 8 ms by bot id=8432313674
2025-11-07 00:00:09,269 [INFO] root: ✅ Повторный запуск: 259810935 (a_sorich)
2025-11-07 00:00:09,270 [INFO] aiogram.event: Update id=444204847 is handled. Duration 1 ms by bot id=8432313674
2025-11-07 00:00:18,824 [INFO] aiogram.event: Update id=444204848 is handled. Duration 253 ms by bot id=8432313674
2025-11-07 00:00:20,662 [INFO] aiogram.event: Update id=444204849 is handled. Duration 690 ms by bot id=8432313674
2025-11-07 00:00:54,300 [INFO] root: ✅ Повторный запуск: 259810935 (a_sorich)
2025-11-07 00:00:54,301 [INFO] aiogram.event: Update id=444204850 is handled. Duration 1 ms by bot id=8432313674
2025-11-07 00:01:35,671 [INFO] aiogram.event: Update id=444204851 is handled. Duration 956 ms by bot id=8432313674
2025-11-07 00:02:34,223 [INFO] aiogram.dispatcher: Polling stopped
2025-11-07 00:02:34,226 [ERROR] aiogram.dispatcher: Failed to fetch updates - TelegramNetworkError: HTTP Client says - ServerDisconnectedError: Server disconnected
2025-11-07 00:02:34,227 [WARNING] aiogram.dispatcher: Sleep for 1.000000 seconds and try again... (tryings = 0, bot id = 8432313674)
2025-11-07 00:02:34,484 [INFO] aiogram.dispatcher: Polling stopped for bot @raceevent_bot id=8432313674 - 'Race Event'
